{"numTotalTestSuites":131,"numPassedTestSuites":128,"numFailedTestSuites":3,"numPendingTestSuites":0,"numTotalTests":219,"numPassedTests":203,"numFailedTests":1,"numPendingTests":15,"numTodoTests":0,"snapshot":{"added":0,"failure":false,"filesAdded":0,"filesRemoved":0,"filesRemovedList":[],"filesUnmatched":0,"filesUpdated":0,"matched":0,"total":0,"unchecked":0,"uncheckedKeysByFile":[],"unmatched":0,"updated":0,"didUpdate":false},"startTime":1755219794217,"success":false,"testResults":[{"assertionResults":[{"ancestorTitles":["Appコンポーネント","基本レンダリング"],"fullName":"Appコンポーネント 基本レンダリング アプリケーションが正常にレンダリングされる","status":"passed","title":"アプリケーションが正常にレンダリングされる","duration":234.28319999999985,"failureMessages":[],"meta":{}},{"ancestorTitles":["Appコンポーネント","基本レンダリング"],"fullName":"Appコンポーネント 基本レンダリング GameBoardコンポーネントが表示される","status":"passed","title":"GameBoardコンポーネントが表示される","duration":56.70929999999953,"failureMessages":[],"meta":{}},{"ancestorTitles":["Appコンポーネント","基本レンダリング"],"fullName":"Appコンポーネント 基本レンダリング GameInfoコンポーネントが表示される","status":"passed","title":"GameInfoコンポーネントが表示される","duration":53.54039999999986,"failureMessages":[],"meta":{}},{"ancestorTitles":["Appコンポーネント","キーボード入力統合"],"fullName":"Appコンポーネント キーボード入力統合 useKeyboardフックが呼び出される","status":"passed","title":"useKeyboardフックが呼び出される","duration":110.38609999999971,"failureMessages":[],"meta":{}},{"ancestorTitles":["Appコンポーネント","キーボード入力統合"],"fullName":"Appコンポーネント キーボード入力統合 キーボード操作説明が表示される","status":"passed","title":"キーボード操作説明が表示される","duration":180.32949999999983,"failureMessages":[],"meta":{}}],"startTime":1755219799125,"endTime":1755219799761.3296,"status":"passed","message":"","name":"C:/Users/kakim/IdeaProjects/case-study-game-dev/app/src/App.test.tsx"},{"assertionResults":[{"ancestorTitles":["ゲーム統合テスト","アプリケーション起動テスト"],"fullName":"ゲーム統合テスト アプリケーション起動テスト アプリケーションが正常に起動する","status":"passed","title":"アプリケーションが正常に起動する","duration":257.77049999999963,"failureMessages":[],"meta":{}},{"ancestorTitles":["ゲーム統合テスト","アプリケーション起動テスト"],"fullName":"ゲーム統合テスト アプリケーション起動テスト 初期状態で準備中が表示される","status":"passed","title":"初期状態で準備中が表示される","duration":99.63870000000043,"failureMessages":[],"meta":{}},{"ancestorTitles":["ゲーム統合テスト","アプリケーション起動テスト"],"fullName":"ゲーム統合テスト アプリケーション起動テスト キーボード操作説明が表示される","status":"passed","title":"キーボード操作説明が表示される","duration":156.34839999999986,"failureMessages":[],"meta":{}},{"ancestorTitles":["ゲーム統合テスト","ゲームフィールド表示テスト"],"fullName":"ゲーム統合テスト ゲームフィールド表示テスト 6×12のフィールドが正しく表示される","status":"passed","title":"6×12のフィールドが正しく表示される","duration":115.54830000000038,"failureMessages":[],"meta":{}},{"ancestorTitles":["ゲーム統合テスト","ゲームフィールド表示テスト"],"fullName":"ゲーム統合テスト ゲームフィールド表示テスト 空のセルが適切なクラスを持つ","status":"passed","title":"空のセルが適切なクラスを持つ","duration":68.23329999999987,"failureMessages":[],"meta":{}},{"ancestorTitles":["ゲーム統合テスト","ゲーム状態管理テスト"],"fullName":"ゲーム統合テスト ゲーム状態管理テスト ゲーム情報が正しく表示される","status":"passed","title":"ゲーム情報が正しく表示される","duration":56.02739999999994,"failureMessages":[],"meta":{}},{"ancestorTitles":["ゲーム統合テスト","ゲーム状態管理テスト"],"fullName":"ゲーム統合テスト ゲーム状態管理テスト 初期スコアとレベルが正しい","status":"passed","title":"初期スコアとレベルが正しい","duration":46.27089999999953,"failureMessages":[],"meta":{}},{"ancestorTitles":["ゲーム統合テスト","ゲーム状態管理テスト"],"fullName":"ゲーム統合テスト ゲーム状態管理テスト 初期状態はready状態","status":"passed","title":"初期状態はready状態","duration":50.755199999999604,"failureMessages":[],"meta":{}},{"ancestorTitles":["ゲーム統合テスト","キーボード操作統合テスト"],"fullName":"ゲーム統合テスト キーボード操作統合テスト ready状態でのキー入力は無視される","status":"passed","title":"ready状態でのキー入力は無視される","duration":69.32679999999982,"failureMessages":[],"meta":{}},{"ancestorTitles":["ゲーム統合テスト","キーボード操作統合テスト"],"fullName":"ゲーム統合テスト キーボード操作統合テスト リセットキー（R）が動作する","status":"passed","title":"リセットキー（R）が動作する","duration":102.08230000000003,"failureMessages":[],"meta":{}},{"ancestorTitles":["ゲーム統合テスト","キーボード操作統合テスト"],"fullName":"ゲーム統合テスト キーボード操作統合テスト 大文字のリセットキー（R）も動作する","status":"passed","title":"大文字のリセットキー（R）も動作する","duration":76.79119999999966,"failureMessages":[],"meta":{}},{"ancestorTitles":["ゲーム統合テスト","レスポンシブデザインテスト"],"fullName":"ゲーム統合テスト レスポンシブデザインテスト レイアウトコンポーネントが存在する","status":"passed","title":"レイアウトコンポーネントが存在する","duration":58.59270000000015,"failureMessages":[],"meta":{}},{"ancestorTitles":["ゲーム統合テスト","アクセシビリティテスト"],"fullName":"ゲーム統合テスト アクセシビリティテスト 適切なdata-testid属性が設定されている","status":"passed","title":"適切なdata-testid属性が設定されている","duration":76.04680000000008,"failureMessages":[],"meta":{}},{"ancestorTitles":["ゲーム統合テスト","アクセシビリティテスト"],"fullName":"ゲーム統合テスト アクセシビリティテスト セマンティックなHTML構造を持つ","status":"passed","title":"セマンティックなHTML構造を持つ","duration":277.2929000000004,"failureMessages":[],"meta":{}},{"ancestorTitles":["ゲーム統合テスト","パフォーマンステスト"],"fullName":"ゲーム統合テスト パフォーマンステスト 大量のセルを効率的にレンダリングできる","status":"passed","title":"大量のセルを効率的にレンダリングできる","duration":278.2690999999995,"failureMessages":[],"meta":{}},{"ancestorTitles":["ゲーム統合テスト","エラーハンドリングテスト"],"fullName":"ゲーム統合テスト エラーハンドリングテスト 無効なキー入力を適切に処理する","status":"passed","title":"無効なキー入力を適切に処理する","duration":93.60230000000047,"failureMessages":[],"meta":{}}],"startTime":1755219799147,"endTime":1755219801037.6023,"status":"passed","message":"","name":"C:/Users/kakim/IdeaProjects/case-study-game-dev/app/src/integration/Game.integration.test.tsx"},{"assertionResults":[{"ancestorTitles":["ゲームワークフロー統合テスト","ゲーム状態遷移テスト"],"fullName":"ゲームワークフロー統合テスト ゲーム状態遷移テスト ready→playing→paused→playing の状態遷移が正常に動作する","status":"passed","title":"ready→playing→paused→playing の状態遷移が正常に動作する","duration":257.201,"failureMessages":[],"meta":{}},{"ancestorTitles":["ゲームワークフロー統合テスト","ゲーム状態遷移テスト"],"fullName":"ゲームワークフロー統合テスト ゲーム状態遷移テスト ポーズ機能のキーボード操作が動作する","status":"passed","title":"ポーズ機能のキーボード操作が動作する","duration":139.7560000000003,"failureMessages":[],"meta":{}},{"ancestorTitles":["ゲームワークフロー統合テスト","ゲーム状態遷移テスト"],"fullName":"ゲームワークフロー統合テスト ゲーム状態遷移テスト リセット機能のキーボード操作が動作する","status":"passed","title":"リセット機能のキーボード操作が動作する","duration":113.3764000000001,"failureMessages":[],"meta":{}},{"ancestorTitles":["ゲームワークフロー統合テスト","ぷよ操作統合テスト"],"fullName":"ゲームワークフロー統合テスト ぷよ操作統合テスト 左右移動キーが認識される","status":"passed","title":"左右移動キーが認識される","duration":64.61220000000048,"failureMessages":[],"meta":{}},{"ancestorTitles":["ゲームワークフロー統合テスト","ぷよ操作統合テスト"],"fullName":"ゲームワークフロー統合テスト ぷよ操作統合テスト 下移動（高速落下）キーが認識される","status":"passed","title":"下移動（高速落下）キーが認識される","duration":64.65760000000046,"failureMessages":[],"meta":{}},{"ancestorTitles":["ゲームワークフロー統合テスト","ぷよ操作統合テスト"],"fullName":"ゲームワークフロー統合テスト ぷよ操作統合テスト 回転キーが認識される（上矢印とスペース）","status":"passed","title":"回転キーが認識される（上矢印とスペース）","duration":49.54529999999977,"failureMessages":[],"meta":{}},{"ancestorTitles":["ゲームワークフロー統合テスト","UI連携テスト"],"fullName":"ゲームワークフロー統合テスト UI連携テスト ゲーム情報とゲームボードが連携して表示される","status":"passed","title":"ゲーム情報とゲームボードが連携して表示される","duration":91.16949999999997,"failureMessages":[],"meta":{}},{"ancestorTitles":["ゲームワークフロー統合テスト","UI連携テスト"],"fullName":"ゲームワークフロー統合テスト UI連携テスト フィールドの全セルが正しく表示される","status":"passed","title":"フィールドの全セルが正しく表示される","duration":327.09340000000066,"failureMessages":[],"meta":{}},{"ancestorTitles":["ゲームワークフロー統合テスト","UI連携テスト"],"fullName":"ゲームワークフロー統合テスト UI連携テスト CSS クラスが適切に適用されている","status":"passed","title":"CSS クラスが適切に適用されている","duration":62.244699999999284,"failureMessages":[],"meta":{}},{"ancestorTitles":["ゲームワークフロー統合テスト","データフロー統合テスト"],"fullName":"ゲームワークフロー統合テスト データフロー統合テスト ゲームストアの状態がUIに正しく反映される","status":"passed","title":"ゲームストアの状態がUIに正しく反映される","duration":152.9340999999995,"failureMessages":[],"meta":{}},{"ancestorTitles":["ゲームワークフロー統合テスト","エラー境界テスト"],"fullName":"ゲームワークフロー統合テスト エラー境界テスト 無効なゲーム状態でもアプリケーションがクラッシュしない","status":"passed","title":"無効なゲーム状態でもアプリケーションがクラッシュしない","duration":57.833199999999124,"failureMessages":[],"meta":{}},{"ancestorTitles":["ゲームワークフロー統合テスト","キーボードイベント統合テスト"],"fullName":"ゲームワークフロー統合テスト キーボードイベント統合テスト 複数のキーを連続で押下しても正常に動作する","status":"passed","title":"複数のキーを連続で押下しても正常に動作する","duration":62.126900000000205,"failureMessages":[],"meta":{}},{"ancestorTitles":["ゲームワークフロー統合テスト","キーボードイベント統合テスト"],"fullName":"ゲームワークフロー統合テスト キーボードイベント統合テスト 大文字小文字の両方のキーが動作する","status":"passed","title":"大文字小文字の両方のキーが動作する","duration":93.39320000000043,"failureMessages":[],"meta":{}},{"ancestorTitles":["ゲームワークフロー統合テスト","レンダリング性能テスト"],"fullName":"ゲームワークフロー統合テスト レンダリング性能テスト アプリケーション全体の初期レンダリングが高速である","status":"passed","title":"アプリケーション全体の初期レンダリングが高速である","duration":55.857200000000375,"failureMessages":[],"meta":{}},{"ancestorTitles":["ゲームワークフロー統合テスト","レンダリング性能テスト"],"fullName":"ゲームワークフロー統合テスト レンダリング性能テスト 全フィールドセルのレンダリングが効率的である","status":"failed","title":"全フィールドセルのレンダリングが効率的である","duration":273.23239999999987,"failureMessages":["AssertionError: expected 219.04060000000027 to be less than 100\n    at C:\\Users\\kakim\\IdeaProjects\\case-study-game-dev\\app\\src\\integration\\GameWorkflow.integration.test.tsx:316:26\n    at file:///C:/Users/kakim/IdeaProjects/case-study-game-dev/app/node_modules/@vitest/runner/dist/chunk-hooks.js:155:11\n    at file:///C:/Users/kakim/IdeaProjects/case-study-game-dev/app/node_modules/@vitest/runner/dist/chunk-hooks.js:752:26\n    at file:///C:/Users/kakim/IdeaProjects/case-study-game-dev/app/node_modules/@vitest/runner/dist/chunk-hooks.js:1897:20\n    at new Promise (<anonymous>)\n    at runWithTimeout (file:///C:/Users/kakim/IdeaProjects/case-study-game-dev/app/node_modules/@vitest/runner/dist/chunk-hooks.js:1863:10)\n    at runTest (file:///C:/Users/kakim/IdeaProjects/case-study-game-dev/app/node_modules/@vitest/runner/dist/chunk-hooks.js:1574:12)\n    at processTicksAndRejections (node:internal/process/task_queues:105:5)\n    at runSuite (file:///C:/Users/kakim/IdeaProjects/case-study-game-dev/app/node_modules/@vitest/runner/dist/chunk-hooks.js:1729:8)\n    at runSuite (file:///C:/Users/kakim/IdeaProjects/case-study-game-dev/app/node_modules/@vitest/runner/dist/chunk-hooks.js:1729:8)"],"meta":{}}],"startTime":1755219799148,"endTime":1755219801016.2324,"status":"failed","message":"","name":"C:/Users/kakim/IdeaProjects/case-study-game-dev/app/src/integration/GameWorkflow.integration.test.tsx"},{"assertionResults":[{"ancestorTitles":["gameStore","初期状態"],"fullName":"gameStore 初期状態 初期状態が正しく設定されている","status":"passed","title":"初期状態が正しく設定されている","duration":55.12079999999969,"failureMessages":[],"meta":{}},{"ancestorTitles":["gameStore","ゲーム初期化"],"fullName":"gameStore ゲーム初期化 ゲームを初期化できる","status":"passed","title":"ゲームを初期化できる","duration":16.918699999999262,"failureMessages":[],"meta":{}},{"ancestorTitles":["gameStore","ゲーム状態管理"],"fullName":"gameStore ゲーム状態管理 ゲームを一時停止できる","status":"passed","title":"ゲームを一時停止できる","duration":5.0090000000000146,"failureMessages":[],"meta":{}},{"ancestorTitles":["gameStore","ゲーム状態管理"],"fullName":"gameStore ゲーム状態管理 ゲームを再開できる","status":"passed","title":"ゲームを再開できる","duration":5.347899999999754,"failureMessages":[],"meta":{}},{"ancestorTitles":["gameStore","ゲーム状態管理"],"fullName":"gameStore ゲーム状態管理 ゲームオーバー状態を設定できる","status":"passed","title":"ゲームオーバー状態を設定できる","duration":5.719900000000052,"failureMessages":[],"meta":{}},{"ancestorTitles":["gameStore","スコア管理"],"fullName":"gameStore スコア管理 スコアを更新できる","status":"passed","title":"スコアを更新できる","duration":4.4284999999999854,"failureMessages":[],"meta":{}},{"ancestorTitles":["gameStore","ゲーム更新"],"fullName":"gameStore ゲーム更新 ゲームを更新できる","status":"passed","title":"ゲームを更新できる","duration":5.585700000000543,"failureMessages":[],"meta":{}},{"ancestorTitles":["gameStore","ぷよ管理"],"fullName":"gameStore ぷよ管理 現在のぷよを設定できる","status":"passed","title":"現在のぷよを設定できる","duration":5.75630000000001,"failureMessages":[],"meta":{}},{"ancestorTitles":["gameStore","ぷよ管理"],"fullName":"gameStore ぷよ管理 現在のぷよをnullに設定できる","status":"passed","title":"現在のぷよをnullに設定できる","duration":6.035700000000361,"failureMessages":[],"meta":{}},{"ancestorTitles":["gameStore","ゲームリセット"],"fullName":"gameStore ゲームリセット ゲームをリセットできる","status":"passed","title":"ゲームをリセットできる","duration":4.848200000000361,"failureMessages":[],"meta":{}}],"startTime":1755219798924,"endTime":1755219799040.8481,"status":"passed","message":"","name":"C:/Users/kakim/IdeaProjects/case-study-game-dev/app/src/application/stores/gameStore.test.ts"},{"assertionResults":[{"ancestorTitles":["FieldAdapter","基本動作"],"fullName":"FieldAdapter 基本動作 デフォルトコンストラクタで初期化できる","status":"passed","title":"デフォルトコンストラクタで初期化できる","duration":4.76299999999992,"failureMessages":[],"meta":{}},{"ancestorTitles":["FieldAdapter","基本動作"],"fullName":"FieldAdapter 基本動作 ImmutableFieldから初期化できる","status":"passed","title":"ImmutableFieldから初期化できる","duration":0.7710999999999331,"failureMessages":[],"meta":{}},{"ancestorTitles":["FieldAdapter","ぷよの操作"],"fullName":"FieldAdapter ぷよの操作 ぷよを配置して取得できる","status":"passed","title":"ぷよを配置して取得できる","duration":1.1702000000004773,"failureMessages":[],"meta":{}},{"ancestorTitles":["FieldAdapter","ぷよの操作"],"fullName":"FieldAdapter ぷよの操作 ぷよを削除できる","status":"passed","title":"ぷよを削除できる","duration":0.7892000000001644,"failureMessages":[],"meta":{}},{"ancestorTitles":["FieldAdapter","ぷよの操作"],"fullName":"FieldAdapter ぷよの操作 空きを正しく判定する","status":"passed","title":"空きを正しく判定する","duration":0.9164000000000669,"failureMessages":[],"meta":{}},{"ancestorTitles":["FieldAdapter","ぷよの操作"],"fullName":"FieldAdapter ぷよの操作 位置の有効性を正しく判定する","status":"passed","title":"位置の有効性を正しく判定する","duration":0.573699999999917,"failureMessages":[],"meta":{}},{"ancestorTitles":["FieldAdapter","新機能"],"fullName":"FieldAdapter 新機能 全てのぷよを取得できる","status":"passed","title":"全てのぷよを取得できる","duration":4.4471999999996115,"failureMessages":[],"meta":{}},{"ancestorTitles":["FieldAdapter","新機能"],"fullName":"FieldAdapter 新機能 フィールドをクローンできる","status":"passed","title":"フィールドをクローンできる","duration":1.8427000000001499,"failureMessages":[],"meta":{}},{"ancestorTitles":["FieldAdapter","既存Fieldクラスとの互換性"],"fullName":"FieldAdapter 既存Fieldクラスとの互換性 既存のコードと同じインターフェースを提供する","status":"passed","title":"既存のコードと同じインターフェースを提供する","duration":3.2312000000001717,"failureMessages":[],"meta":{}},{"ancestorTitles":["FieldAdapter","既存Fieldクラスとの互換性"],"fullName":"FieldAdapter 既存Fieldクラスとの互換性 エラー処理も既存クラスと同様に動作する","status":"passed","title":"エラー処理も既存クラスと同様に動作する","duration":1.0859999999993306,"failureMessages":[],"meta":{}}],"startTime":1755219804626,"endTime":1755219804647.086,"status":"passed","message":"","name":"C:/Users/kakim/IdeaProjects/case-study-game-dev/app/src/domain/models/FieldAdapter.test.ts"},{"assertionResults":[{"ancestorTitles":["Game - 連鎖処理","placePuyoPair - 連鎖処理統合"],"fullName":"Game - 連鎖処理 placePuyoPair - 連鎖処理統合 4つ以上の同色ぷよが繋がっている場合、ぷよが消去される","status":"passed","title":"4つ以上の同色ぷよが繋がっている場合、ぷよが消去される","duration":14.2471000000005,"failureMessages":[],"meta":{}},{"ancestorTitles":["Game - 連鎖処理","placePuyoPair - 連鎖処理統合"],"fullName":"Game - 連鎖処理 placePuyoPair - 連鎖処理統合 L字型に4つ以上の同色ぷよが繋がっている場合、ぷよが消去される","status":"passed","title":"L字型に4つ以上の同色ぷよが繋がっている場合、ぷよが消去される","duration":2.92620000000079,"failureMessages":[],"meta":{}},{"ancestorTitles":["Game - 連鎖処理","placePuyoPair - 連鎖処理統合"],"fullName":"Game - 連鎖処理 placePuyoPair - 連鎖処理統合 3つ以下の同色ぷよは消去されない","status":"passed","title":"3つ以下の同色ぷよは消去されない","duration":2.3128999999998996,"failureMessages":[],"meta":{}},{"ancestorTitles":["Game - 連鎖処理","placePuyoPair - 連鎖処理統合"],"fullName":"Game - 連鎖処理 placePuyoPair - 連鎖処理統合 重力適用後に連鎖が発生する","status":"passed","title":"重力適用後に連鎖が発生する","duration":2.4659999999994398,"failureMessages":[],"meta":{}},{"ancestorTitles":["Game - 連鎖処理","placePuyoPair - 連鎖処理統合"],"fullName":"Game - 連鎖処理 placePuyoPair - 連鎖処理統合 異なる色のぷよは消去されない","status":"passed","title":"異なる色のぷよは消去されない","duration":3.409099999999853,"failureMessages":[],"meta":{}},{"ancestorTitles":["Game - 連鎖処理","スコア計算"],"fullName":"Game - 連鎖処理 スコア計算 4つ消去で基本スコア40点が加算される","status":"passed","title":"4つ消去で基本スコア40点が加算される","duration":1.556300000000192,"failureMessages":[],"meta":{}},{"ancestorTitles":["Game - 連鎖処理","スコア計算"],"fullName":"Game - 連鎖処理 スコア計算 5つ以上消去でより多くのスコアが加算される","status":"passed","title":"5つ以上消去でより多くのスコアが加算される","duration":1.5005000000001019,"failureMessages":[],"meta":{}}],"startTime":1755219806162,"endTime":1755219806192.5005,"status":"passed","message":"","name":"C:/Users/kakim/IdeaProjects/case-study-game-dev/app/src/domain/models/Game.Chain.test.ts"},{"assertionResults":[{"ancestorTitles":["Game PuyoPair System","startGame"],"fullName":"Game PuyoPair System startGame ゲームを開始してPuyoPairが生成される","status":"passed","title":"ゲームを開始してPuyoPairが生成される","duration":8.245299999999588,"failureMessages":[],"meta":{}},{"ancestorTitles":["Game PuyoPair System","startGame"],"fullName":"Game PuyoPair System startGame PuyoPairがフィールド中央上部に配置される","status":"passed","title":"PuyoPairがフィールド中央上部に配置される","duration":1.077499999999418,"failureMessages":[],"meta":{}},{"ancestorTitles":["Game PuyoPair System","startGame"],"fullName":"Game PuyoPair System startGame ready状態以外では何もしない","status":"passed","title":"ready状態以外では何もしない","duration":0.49210000000039145,"failureMessages":[],"meta":{}},{"ancestorTitles":["Game PuyoPair System","movePuyoLeft"],"fullName":"Game PuyoPair System movePuyoLeft PuyoPairが左に移動できる場合は移動する","status":"passed","title":"PuyoPairが左に移動できる場合は移動する","duration":1.5594999999993888,"failureMessages":[],"meta":{}},{"ancestorTitles":["Game PuyoPair System","movePuyoLeft"],"fullName":"Game PuyoPair System movePuyoLeft 左端にいる場合は移動しない","status":"passed","title":"左端にいる場合は移動しない","duration":0.7317999999995664,"failureMessages":[],"meta":{}},{"ancestorTitles":["Game PuyoPair System","movePuyoLeft"],"fullName":"Game PuyoPair System movePuyoLeft currentPuyoPairがnullの場合は何もしない","status":"passed","title":"currentPuyoPairがnullの場合は何もしない","duration":0.4827999999997701,"failureMessages":[],"meta":{}},{"ancestorTitles":["Game PuyoPair System","movePuyoRight"],"fullName":"Game PuyoPair System movePuyoRight PuyoPairが右に移動できる場合は移動する","status":"passed","title":"PuyoPairが右に移動できる場合は移動する","duration":0.8743999999996959,"failureMessages":[],"meta":{}},{"ancestorTitles":["Game PuyoPair System","movePuyoRight"],"fullName":"Game PuyoPair System movePuyoRight 右端にいる場合は移動しない","status":"passed","title":"右端にいる場合は移動しない","duration":0.701799999999821,"failureMessages":[],"meta":{}},{"ancestorTitles":["Game PuyoPair System","dropPuyoFast"],"fullName":"Game PuyoPair System dropPuyoFast PuyoPairが1つ下に移動する","status":"passed","title":"PuyoPairが1つ下に移動する","duration":1.3398999999999432,"failureMessages":[],"meta":{}},{"ancestorTitles":["Game PuyoPair System","dropPuyoFast"],"fullName":"Game PuyoPair System dropPuyoFast 最下段にいる場合は移動しない","status":"passed","title":"最下段にいる場合は移動しない","duration":0.6517000000003463,"failureMessages":[],"meta":{}},{"ancestorTitles":["Game PuyoPair System","rotatePuyo"],"fullName":"Game PuyoPair System rotatePuyo PuyoPairが時計回りに回転する","status":"passed","title":"PuyoPairが時計回りに回転する","duration":1.653400000000147,"failureMessages":[],"meta":{}},{"ancestorTitles":["Game PuyoPair System","spawnNextPuyoPair"],"fullName":"Game PuyoPair System spawnNextPuyoPair 新しいPuyoPairを生成する","status":"passed","title":"新しいPuyoPairを生成する","duration":1.05409999999938,"failureMessages":[],"meta":{}},{"ancestorTitles":["Game PuyoPair System","spawnNextPuyoPair"],"fullName":"Game PuyoPair System spawnNextPuyoPair 生成位置が占有されている場合はゲームオーバーになる","status":"passed","title":"生成位置が占有されている場合はゲームオーバーになる","duration":1.269800000000032,"failureMessages":[],"meta":{}}],"startTime":1755219808882,"endTime":1755219808903.2698,"status":"passed","message":"","name":"C:/Users/kakim/IdeaProjects/case-study-game-dev/app/src/domain/models/Game.PuyoPair.test.ts"},{"assertionResults":[{"ancestorTitles":["Game","createGame"],"fullName":"Game createGame 新しいゲームを作成できる","status":"passed","title":"新しいゲームを作成できる","duration":8.567799999999806,"failureMessages":[],"meta":{}},{"ancestorTitles":["Game","createGame"],"fullName":"Game createGame 作成されるゲームIDは一意である","status":"passed","title":"作成されるゲームIDは一意である","duration":3.1024999999999636,"failureMessages":[],"meta":{}},{"ancestorTitles":["Game","ぷよ移動・回転ロジック（廃止予定 - PuyoPairシステムに移行済み）","movePuyoLeft関数"],"fullName":"Game ぷよ移動・回転ロジック（廃止予定 - PuyoPairシステムに移行済み） movePuyoLeft関数 左に移動できる場合は移動する","status":"skipped","title":"左に移動できる場合は移動する","failureMessages":[],"meta":{}},{"ancestorTitles":["Game","ぷよ移動・回転ロジック（廃止予定 - PuyoPairシステムに移行済み）","movePuyoLeft関数"],"fullName":"Game ぷよ移動・回転ロジック（廃止予定 - PuyoPairシステムに移行済み） movePuyoLeft関数 左端にいる場合は移動しない","status":"skipped","title":"左端にいる場合は移動しない","failureMessages":[],"meta":{}},{"ancestorTitles":["Game","ぷよ移動・回転ロジック（廃止予定 - PuyoPairシステムに移行済み）","movePuyoLeft関数"],"fullName":"Game ぷよ移動・回転ロジック（廃止予定 - PuyoPairシステムに移行済み） movePuyoLeft関数 左にぷよがある場合は移動しない","status":"skipped","title":"左にぷよがある場合は移動しない","failureMessages":[],"meta":{}},{"ancestorTitles":["Game","ぷよ移動・回転ロジック（廃止予定 - PuyoPairシステムに移行済み）","movePuyoRight関数"],"fullName":"Game ぷよ移動・回転ロジック（廃止予定 - PuyoPairシステムに移行済み） movePuyoRight関数 右に移動できる場合は移動する","status":"skipped","title":"右に移動できる場合は移動する","failureMessages":[],"meta":{}},{"ancestorTitles":["Game","ぷよ移動・回転ロジック（廃止予定 - PuyoPairシステムに移行済み）","movePuyoRight関数"],"fullName":"Game ぷよ移動・回転ロジック（廃止予定 - PuyoPairシステムに移行済み） movePuyoRight関数 右端にいる場合は移動しない","status":"skipped","title":"右端にいる場合は移動しない","failureMessages":[],"meta":{}},{"ancestorTitles":["Game","ぷよ移動・回転ロジック（廃止予定 - PuyoPairシステムに移行済み）","movePuyoRight関数"],"fullName":"Game ぷよ移動・回転ロジック（廃止予定 - PuyoPairシステムに移行済み） movePuyoRight関数 右にぷよがある場合は移動しない","status":"skipped","title":"右にぷよがある場合は移動しない","failureMessages":[],"meta":{}},{"ancestorTitles":["Game","ぷよ移動・回転ロジック（廃止予定 - PuyoPairシステムに移行済み）","dropPuyoFast関数"],"fullName":"Game ぷよ移動・回転ロジック（廃止予定 - PuyoPairシステムに移行済み） dropPuyoFast関数 高速落下でぷよが1つ下に移動する","status":"skipped","title":"高速落下でぷよが1つ下に移動する","failureMessages":[],"meta":{}},{"ancestorTitles":["Game","ぷよ移動・回転ロジック（廃止予定 - PuyoPairシステムに移行済み）","dropPuyoFast関数"],"fullName":"Game ぷよ移動・回転ロジック（廃止予定 - PuyoPairシステムに移行済み） dropPuyoFast関数 下にぷよがある場合は移動しない","status":"skipped","title":"下にぷよがある場合は移動しない","failureMessages":[],"meta":{}},{"ancestorTitles":["Game","ぷよ移動・回転ロジック（廃止予定 - PuyoPairシステムに移行済み）","dropPuyoFast関数"],"fullName":"Game ぷよ移動・回転ロジック（廃止予定 - PuyoPairシステムに移行済み） dropPuyoFast関数 最下段にいる場合は移動しない","status":"skipped","title":"最下段にいる場合は移動しない","failureMessages":[],"meta":{}},{"ancestorTitles":["Game","ぷよ移動・回転ロジック（廃止予定 - PuyoPairシステムに移行済み）","rotatePuyo関数"],"fullName":"Game ぷよ移動・回転ロジック（廃止予定 - PuyoPairシステムに移行済み） rotatePuyo関数 ぷよの色を次の色に回転する","status":"skipped","title":"ぷよの色を次の色に回転する","failureMessages":[],"meta":{}},{"ancestorTitles":["Game","ぷよ移動・回転ロジック（廃止予定 - PuyoPairシステムに移行済み）","rotatePuyo関数"],"fullName":"Game ぷよ移動・回転ロジック（廃止予定 - PuyoPairシステムに移行済み） rotatePuyo関数 紫の次は赤に戻る","status":"skipped","title":"紫の次は赤に戻る","failureMessages":[],"meta":{}},{"ancestorTitles":["Game","ぷよ移動・回転ロジック（廃止予定 - PuyoPairシステムに移行済み）","rotatePuyo関数"],"fullName":"Game ぷよ移動・回転ロジック（廃止予定 - PuyoPairシステムに移行済み） rotatePuyo関数 currentPuyoがnullの場合は何もしない","status":"skipped","title":"currentPuyoがnullの場合は何もしない","failureMessages":[],"meta":{}},{"ancestorTitles":["Game","dropPuyo"],"fullName":"Game dropPuyo ぷよをフィールドの最下部に落下させる","status":"passed","title":"ぷよをフィールドの最下部に落下させる","duration":2.014100000000326,"failureMessages":[],"meta":{}},{"ancestorTitles":["Game","dropPuyo"],"fullName":"Game dropPuyo すでにぷよがある場合は、その上に落下する","status":"passed","title":"すでにぷよがある場合は、その上に落下する","duration":0.674099999999271,"failureMessages":[],"meta":{}},{"ancestorTitles":["Game","dropPuyo"],"fullName":"Game dropPuyo 列が満杯の場合はゲームオーバーになる","status":"skipped","title":"列が満杯の場合はゲームオーバーになる","failureMessages":[],"meta":{}},{"ancestorTitles":["Game","updateGameState"],"fullName":"Game updateGameState ゲーム状態を更新できる","status":"passed","title":"ゲーム状態を更新できる","duration":0.8600000000005821,"failureMessages":[],"meta":{}},{"ancestorTitles":["Game","updateGameState"],"fullName":"Game updateGameState 元のゲームオブジェクトは変更されない（イミュータブル）","status":"passed","title":"元のゲームオブジェクトは変更されない（イミュータブル）","duration":1.4927999999999884,"failureMessages":[],"meta":{}},{"ancestorTitles":["Game","updateGameScore"],"fullName":"Game updateGameScore スコアを更新できる","status":"passed","title":"スコアを更新できる","duration":0.6679000000003725,"failureMessages":[],"meta":{}},{"ancestorTitles":["Game","updateGameScore"],"fullName":"Game updateGameScore updatedAtが更新される","status":"passed","title":"updatedAtが更新される","duration":0.8149999999995998,"failureMessages":[],"meta":{}},{"ancestorTitles":["Game","updateGameScore"],"fullName":"Game updateGameScore 元のゲームオブジェクトは変更されない（イミュータブル）","status":"passed","title":"元のゲームオブジェクトは変更されない（イミュータブル）","duration":0.7254000000002634,"failureMessages":[],"meta":{}},{"ancestorTitles":["Game","startGame"],"fullName":"Game startGame ready状態からplaying状態に変更される","status":"passed","title":"ready状態からplaying状態に変更される","duration":1.1513000000004467,"failureMessages":[],"meta":{}},{"ancestorTitles":["Game","startGame"],"fullName":"Game startGame currentPuyoPairが生成される","status":"passed","title":"currentPuyoPairが生成される","duration":0.9871999999995751,"failureMessages":[],"meta":{}},{"ancestorTitles":["Game","startGame"],"fullName":"Game startGame ぷよペアがフィールド中央上部に配置される","status":"passed","title":"ぷよペアがフィールド中央上部に配置される","duration":1.1734999999998763,"failureMessages":[],"meta":{}},{"ancestorTitles":["Game","startGame"],"fullName":"Game startGame ready状態以外では何もしない","status":"passed","title":"ready状態以外では何もしない","duration":0.4488000000001193,"failureMessages":[],"meta":{}},{"ancestorTitles":["Game","pauseGame"],"fullName":"Game pauseGame playing状態からpaused状態に変更される","status":"passed","title":"playing状態からpaused状態に変更される","duration":0.6671999999998661,"failureMessages":[],"meta":{}},{"ancestorTitles":["Game","pauseGame"],"fullName":"Game pauseGame playing状態以外では何もしない","status":"passed","title":"playing状態以外では何もしない","duration":0.5717000000004191,"failureMessages":[],"meta":{}},{"ancestorTitles":["Game","pauseGame"],"fullName":"Game pauseGame 元のゲームオブジェクトは変更されない（イミュータブル）","status":"passed","title":"元のゲームオブジェクトは変更されない（イミュータブル）","duration":0.7965999999996711,"failureMessages":[],"meta":{}},{"ancestorTitles":["Game","resumeGame"],"fullName":"Game resumeGame paused状態からplaying状態に変更される","status":"passed","title":"paused状態からplaying状態に変更される","duration":0.6224000000001979,"failureMessages":[],"meta":{}},{"ancestorTitles":["Game","resumeGame"],"fullName":"Game resumeGame paused状態以外では何もしない","status":"passed","title":"paused状態以外では何もしない","duration":0.6014999999997599,"failureMessages":[],"meta":{}},{"ancestorTitles":["Game","resumeGame"],"fullName":"Game resumeGame 元のゲームオブジェクトは変更されない（イミュータブル）","status":"passed","title":"元のゲームオブジェクトは変更されない（イミュータブル）","duration":0.786099999999351,"failureMessages":[],"meta":{}},{"ancestorTitles":["Game","resetGame"],"fullName":"Game resetGame ゲームを初期状態にリセットできる","status":"passed","title":"ゲームを初期状態にリセットできる","duration":2.3109999999996944,"failureMessages":[],"meta":{}},{"ancestorTitles":["Game","resetGame"],"fullName":"Game resetGame フィールドも初期状態にリセットされる","status":"passed","title":"フィールドも初期状態にリセットされる","duration":1.2436999999999898,"failureMessages":[],"meta":{}},{"ancestorTitles":["Game","resetGame"],"fullName":"Game resetGame 元のゲームオブジェクトは変更されない（イミュータブル）","status":"passed","title":"元のゲームオブジェクトは変更されない（イミュータブル）","duration":3.716599999999744,"failureMessages":[],"meta":{}}],"startTime":1755219806064,"endTime":1755219806099.7166,"status":"passed","message":"","name":"C:/Users/kakim/IdeaProjects/case-study-game-dev/app/src/domain/models/Game.test.ts"},{"assertionResults":[{"ancestorTitles":["ImmutableField","フィールド作成"],"fullName":"ImmutableField フィールド作成 デフォルトサイズでフィールドを作成する","status":"passed","title":"デフォルトサイズでフィールドを作成する","duration":8.307700000000295,"failureMessages":[],"meta":{}},{"ancestorTitles":["ImmutableField","フィールド作成"],"fullName":"ImmutableField フィールド作成 カスタムサイズでフィールドを作成する","status":"passed","title":"カスタムサイズでフィールドを作成する","duration":1.2148999999999432,"failureMessages":[],"meta":{}},{"ancestorTitles":["ImmutableField","フィールド作成"],"fullName":"ImmutableField フィールド作成 既存のグリッドからフィールドを作成する","status":"passed","title":"既存のグリッドからフィールドを作成する","duration":0.7021999999997206,"failureMessages":[],"meta":{}},{"ancestorTitles":["ImmutableField","位置の有効性"],"fullName":"ImmutableField 位置の有効性 有効な位置を正しく判定する","status":"passed","title":"有効な位置を正しく判定する","duration":0.7542999999996027,"failureMessages":[],"meta":{}},{"ancestorTitles":["ImmutableField","位置の有効性"],"fullName":"ImmutableField 位置の有効性 無効な位置を正しく判定する","status":"passed","title":"無効な位置を正しく判定する","duration":0.4657999999999447,"failureMessages":[],"meta":{}},{"ancestorTitles":["ImmutableField","位置の有効性"],"fullName":"ImmutableField 位置の有効性 範囲外の位置を正しく判定する","status":"passed","title":"範囲外の位置を正しく判定する","duration":0.7012999999997191,"failureMessages":[],"meta":{}},{"ancestorTitles":["ImmutableField","ぷよの配置と取得"],"fullName":"ImmutableField ぷよの配置と取得 ぷよを配置できる","status":"passed","title":"ぷよを配置できる","duration":1.1572999999998501,"failureMessages":[],"meta":{}},{"ancestorTitles":["ImmutableField","ぷよの配置と取得"],"fullName":"ImmutableField ぷよの配置と取得 既に占有されている位置にぷよを配置しようとするとエラーが発生する","status":"passed","title":"既に占有されている位置にぷよを配置しようとするとエラーが発生する","duration":2.6259999999992942,"failureMessages":[],"meta":{}},{"ancestorTitles":["ImmutableField","ぷよの配置と取得"],"fullName":"ImmutableField ぷよの配置と取得 無効な位置にぷよを配置しようとするとエラーが発生する","status":"passed","title":"無効な位置にぷよを配置しようとするとエラーが発生する","duration":0.7479999999995925,"failureMessages":[],"meta":{}},{"ancestorTitles":["ImmutableField","ぷよの配置と取得"],"fullName":"ImmutableField ぷよの配置と取得 無効な位置からぷよを取得するとnullが返される","status":"passed","title":"無効な位置からぷよを取得するとnullが返される","duration":0.4025999999994383,"failureMessages":[],"meta":{}},{"ancestorTitles":["ImmutableField","ぷよの削除"],"fullName":"ImmutableField ぷよの削除 ぷよを削除できる","status":"passed","title":"ぷよを削除できる","duration":0.8274000000001251,"failureMessages":[],"meta":{}},{"ancestorTitles":["ImmutableField","ぷよの削除"],"fullName":"ImmutableField ぷよの削除 無効な位置からぷよを削除しても元のフィールドが返される","status":"passed","title":"無効な位置からぷよを削除しても元のフィールドが返される","duration":0.39140000000043074,"failureMessages":[],"meta":{}},{"ancestorTitles":["ImmutableField","ぷよの削除"],"fullName":"ImmutableField ぷよの削除 複数のぷよを一度に削除できる","status":"passed","title":"複数のぷよを一度に削除できる","duration":0.9155000000000655,"failureMessages":[],"meta":{}},{"ancestorTitles":["ImmutableField","空きの判定"],"fullName":"ImmutableField 空きの判定 空の位置を正しく判定する","status":"passed","title":"空の位置を正しく判定する","duration":0.471599999999853,"failureMessages":[],"meta":{}},{"ancestorTitles":["ImmutableField","空きの判定"],"fullName":"ImmutableField 空きの判定 占有されている位置を正しく判定する","status":"passed","title":"占有されている位置を正しく判定する","duration":0.6550999999999476,"failureMessages":[],"meta":{}},{"ancestorTitles":["ImmutableField","空きの判定"],"fullName":"ImmutableField 空きの判定 無効な位置は空でないと判定される","status":"passed","title":"無効な位置は空でないと判定される","duration":0.4128000000000611,"failureMessages":[],"meta":{}},{"ancestorTitles":["ImmutableField","ユーティリティ関数"],"fullName":"ImmutableField ユーティリティ関数 全ての位置を取得できる","status":"passed","title":"全ての位置を取得できる","duration":2.8179000000000087,"failureMessages":[],"meta":{}},{"ancestorTitles":["ImmutableField","ユーティリティ関数"],"fullName":"ImmutableField ユーティリティ関数 全てのぷよを取得できる","status":"passed","title":"全てのぷよを取得できる","duration":1.2400000000006912,"failureMessages":[],"meta":{}},{"ancestorTitles":["ImmutableField","ユーティリティ関数"],"fullName":"ImmutableField ユーティリティ関数 フィールドをクローンできる","status":"passed","title":"フィールドをクローンできる","duration":4.394099999999526,"failureMessages":[],"meta":{}}],"startTime":1755219804202,"endTime":1755219804232.394,"status":"passed","message":"","name":"C:/Users/kakim/IdeaProjects/case-study-game-dev/app/src/domain/models/ImmutableField.test.ts"},{"assertionResults":[{"ancestorTitles":["Puyo","createPuyo"],"fullName":"Puyo createPuyo 指定した色と位置でぷよを作成できる","status":"passed","title":"指定した色と位置でぷよを作成できる","duration":7.3641999999999825,"failureMessages":[],"meta":{}},{"ancestorTitles":["Puyo","createPuyo"],"fullName":"Puyo createPuyo null色のぷよを作成できる","status":"passed","title":"null色のぷよを作成できる","duration":0.7943000000004758,"failureMessages":[],"meta":{}},{"ancestorTitles":["Puyo","movePuyo"],"fullName":"Puyo movePuyo ぷよを新しい位置に移動できる","status":"passed","title":"ぷよを新しい位置に移動できる","duration":0.7264999999997599,"failureMessages":[],"meta":{}},{"ancestorTitles":["Puyo","movePuyo"],"fullName":"Puyo movePuyo 元のぷよは変更されない（イミュータブル）","status":"passed","title":"元のぷよは変更されない（イミュータブル）","duration":1.4130999999997584,"failureMessages":[],"meta":{}}],"startTime":1755219809757,"endTime":1755219809768.413,"status":"passed","message":"","name":"C:/Users/kakim/IdeaProjects/case-study-game-dev/app/src/domain/models/Puyo.test.ts"},{"assertionResults":[{"ancestorTitles":["PuyoPair","ぷよペア作成"],"fullName":"PuyoPair ぷよペア作成 指定した色でぷよペアを作成する","status":"passed","title":"指定した色でぷよペアを作成する","duration":4.830800000000636,"failureMessages":[],"meta":{}},{"ancestorTitles":["PuyoPair","回転"],"fullName":"PuyoPair 回転 時計回りに回転する","status":"passed","title":"時計回りに回転する","duration":0.9436999999998079,"failureMessages":[],"meta":{}},{"ancestorTitles":["PuyoPair","回転"],"fullName":"PuyoPair 回転 反時計回りに回転する","status":"passed","title":"反時計回りに回転する","duration":0.6048000000000684,"failureMessages":[],"meta":{}},{"ancestorTitles":["PuyoPair","移動"],"fullName":"PuyoPair 移動 指定した方向に移動する","status":"passed","title":"指定した方向に移動する","duration":0.7655000000004293,"failureMessages":[],"meta":{}},{"ancestorTitles":["PuyoPair","占有位置取得"],"fullName":"PuyoPair 占有位置取得 ぷよペアが占有する位置を取得する","status":"passed","title":"ぷよペアが占有する位置を取得する","duration":5.073199999999815,"failureMessages":[],"meta":{}},{"ancestorTitles":["PuyoPair","配置可能判定"],"fullName":"PuyoPair 配置可能判定 空きフィールドに配置可能","status":"passed","title":"空きフィールドに配置可能","duration":1.1170000000001892,"failureMessages":[],"meta":{}},{"ancestorTitles":["PuyoPair","配置可能判定"],"fullName":"PuyoPair 配置可能判定 占有済みフィールドに配置不可","status":"passed","title":"占有済みフィールドに配置不可","duration":0.800600000000486,"failureMessages":[],"meta":{}},{"ancestorTitles":["PuyoPair","配置可能判定"],"fullName":"PuyoPair 配置可能判定 フィールド外に配置不可","status":"passed","title":"フィールド外に配置不可","duration":0.42439999999987776,"failureMessages":[],"meta":{}}],"startTime":1755219804332,"endTime":1755219804348.4243,"status":"passed","message":"","name":"C:/Users/kakim/IdeaProjects/case-study-game-dev/app/src/domain/models/PuyoPair.test.ts"},{"assertionResults":[{"ancestorTitles":["PuyoPair 壁蹴り機能","rotatePuyoPairWithWallKick"],"fullName":"PuyoPair 壁蹴り機能 rotatePuyoPairWithWallKick 通常の回転が可能な場合はそのまま回転する","status":"passed","title":"通常の回転が可能な場合はそのまま回転する","duration":7.01090000000022,"failureMessages":[],"meta":{}},{"ancestorTitles":["PuyoPair 壁蹴り機能","rotatePuyoPairWithWallKick"],"fullName":"PuyoPair 壁蹴り機能 rotatePuyoPairWithWallKick 右壁にぶつかる場合は左に1マスずらして回転する","status":"passed","title":"右壁にぶつかる場合は左に1マスずらして回転する","duration":1.3130999999993946,"failureMessages":[],"meta":{}},{"ancestorTitles":["PuyoPair 壁蹴り機能","rotatePuyoPairWithWallKick"],"fullName":"PuyoPair 壁蹴り機能 rotatePuyoPairWithWallKick 左壁にぶつかる場合は右に1マスずらして回転する","status":"passed","title":"左壁にぶつかる場合は右に1マスずらして回転する","duration":1.8230000000003201,"failureMessages":[],"meta":{}},{"ancestorTitles":["PuyoPair 壁蹴り機能","rotatePuyoPairWithWallKick"],"fullName":"PuyoPair 壁蹴り機能 rotatePuyoPairWithWallKick 下壁にぶつかる場合は上に1マスずらして回転する","status":"passed","title":"下壁にぶつかる場合は上に1マスずらして回転する","duration":1.7987000000002809,"failureMessages":[],"meta":{}},{"ancestorTitles":["PuyoPair 壁蹴り機能","rotatePuyoPairWithWallKick"],"fullName":"PuyoPair 壁蹴り機能 rotatePuyoPairWithWallKick フィールド上部でも壁蹴りが機能する","status":"passed","title":"フィールド上部でも壁蹴りが機能する","duration":3.188600000000406,"failureMessages":[],"meta":{}},{"ancestorTitles":["PuyoPair 壁蹴り機能","rotatePuyoPairWithWallKick"],"fullName":"PuyoPair 壁蹴り機能 rotatePuyoPairWithWallKick 壁蹴り後の位置にぷよがある場合は上下にずらして回転","status":"skipped","title":"壁蹴り後の位置にぷよがある場合は上下にずらして回転","failureMessages":[],"meta":{}},{"ancestorTitles":["PuyoPair 壁蹴り機能","rotatePuyoPairWithWallKick"],"fullName":"PuyoPair 壁蹴り機能 rotatePuyoPairWithWallKick 複数の壁蹴りパターンを試す（優先順位のテスト）","status":"passed","title":"複数の壁蹴りパターンを試す（優先順位のテスト）","duration":4.837000000000444,"failureMessages":[],"meta":{}},{"ancestorTitles":["PuyoPair 壁蹴り機能","rotatePuyoPairWithWallKick"],"fullName":"PuyoPair 壁蹴り機能 rotatePuyoPairWithWallKick 角での壁蹴り（右上角）","status":"skipped","title":"角での壁蹴り（右上角）","failureMessages":[],"meta":{}},{"ancestorTitles":["PuyoPair 壁蹴り機能","rotatePuyoPairWithWallKick"],"fullName":"PuyoPair 壁蹴り機能 rotatePuyoPairWithWallKick 角での壁蹴り（左下角）","status":"passed","title":"角での壁蹴り（左下角）","duration":1.5127000000002226,"failureMessages":[],"meta":{}},{"ancestorTitles":["PuyoPair 壁蹴り機能","rotatePuyoPairWithWallKick"],"fullName":"PuyoPair 壁蹴り機能 rotatePuyoPairWithWallKick Tスピンのような複雑な壁蹴り","status":"passed","title":"Tスピンのような複雑な壁蹴り","duration":1.0874000000003434,"failureMessages":[],"meta":{}}],"startTime":1755219809877,"endTime":1755219809900.0874,"status":"passed","message":"","name":"C:/Users/kakim/IdeaProjects/case-study-game-dev/app/src/domain/models/PuyoPair.wallkick.test.ts"},{"assertionResults":[{"ancestorTitles":["Score","スコア作成"],"fullName":"Score スコア作成 デフォルト値でスコアを作成する","status":"passed","title":"デフォルト値でスコアを作成する","duration":5.536000000000058,"failureMessages":[],"meta":{}},{"ancestorTitles":["Score","スコア作成"],"fullName":"Score スコア作成 指定した値でスコアを作成する","status":"passed","title":"指定した値でスコアを作成する","duration":0.6089000000001761,"failureMessages":[],"meta":{}},{"ancestorTitles":["Score","スコア加算"],"fullName":"Score スコア加算 スコアに点数を加算する","status":"passed","title":"スコアに点数を加算する","duration":0.6584000000002561,"failureMessages":[],"meta":{}},{"ancestorTitles":["Score","倍率適用"],"fullName":"Score 倍率適用 スコアに倍率を適用する","status":"passed","title":"スコアに倍率を適用する","duration":0.5608000000001994,"failureMessages":[],"meta":{}},{"ancestorTitles":["Score","スコアリセット"],"fullName":"Score スコアリセット スコアを初期状態にリセットする","status":"passed","title":"スコアを初期状態にリセットする","duration":0.5516999999999825,"failureMessages":[],"meta":{}},{"ancestorTitles":["Score","表示スコア取得"],"fullName":"Score 表示スコア取得 倍率を適用した表示スコアを取得する","status":"passed","title":"倍率を適用した表示スコアを取得する","duration":0.6439999999993233,"failureMessages":[],"meta":{}}],"startTime":1755219809397,"endTime":1755219809406.644,"status":"passed","message":"","name":"C:/Users/kakim/IdeaProjects/case-study-game-dev/app/src/domain/models/Score.test.ts"},{"assertionResults":[{"ancestorTitles":["ImmutableChainService","連鎖ボーナス計算"],"fullName":"ImmutableChainService 連鎖ボーナス計算 1連鎖のボーナスは1倍","status":"passed","title":"1連鎖のボーナスは1倍","duration":4.827199999999721,"failureMessages":[],"meta":{}},{"ancestorTitles":["ImmutableChainService","連鎖ボーナス計算"],"fullName":"ImmutableChainService 連鎖ボーナス計算 2連鎖のボーナスは8倍","status":"passed","title":"2連鎖のボーナスは8倍","duration":0.5631999999995969,"failureMessages":[],"meta":{}},{"ancestorTitles":["ImmutableChainService","連鎖ボーナス計算"],"fullName":"ImmutableChainService 連鎖ボーナス計算 3連鎖のボーナスは16倍","status":"passed","title":"3連鎖のボーナスは16倍","duration":0.3867999999993117,"failureMessages":[],"meta":{}},{"ancestorTitles":["ImmutableChainService","連鎖ボーナス計算"],"fullName":"ImmutableChainService 連鎖ボーナス計算 5連鎖以上のボーナスは64倍","status":"passed","title":"5連鎖以上のボーナスは64倍","duration":0.37489999999979773,"failureMessages":[],"meta":{}},{"ancestorTitles":["ImmutableChainService","連鎖可能性判定"],"fullName":"ImmutableChainService 連鎖可能性判定 連鎖可能なフィールドを正しく判定する","status":"passed","title":"連鎖可能なフィールドを正しく判定する","duration":3.0374000000001615,"failureMessages":[],"meta":{}},{"ancestorTitles":["ImmutableChainService","連鎖可能性判定"],"fullName":"ImmutableChainService 連鎖可能性判定 連鎖不可能なフィールドを正しく判定する","status":"passed","title":"連鎖不可能なフィールドを正しく判定する","duration":0.8542000000006738,"failureMessages":[],"meta":{}},{"ancestorTitles":["ImmutableChainService","単発消去処理"],"fullName":"ImmutableChainService 単発消去処理 消去可能なグループがある場合に正しく処理する","status":"passed","title":"消去可能なグループがある場合に正しく処理する","duration":4.634299999999712,"failureMessages":[],"meta":{}},{"ancestorTitles":["ImmutableChainService","単発消去処理"],"fullName":"ImmutableChainService 単発消去処理 消去可能なグループがない場合に正しく処理する","status":"passed","title":"消去可能なグループがない場合に正しく処理する","duration":1.1342999999997119,"failureMessages":[],"meta":{}},{"ancestorTitles":["ImmutableChainService","連鎖処理"],"fullName":"ImmutableChainService 連鎖処理 単発消去の場合に正しく処理する","status":"passed","title":"単発消去の場合に正しく処理する","duration":2.0286999999998443,"failureMessages":[],"meta":{}},{"ancestorTitles":["ImmutableChainService","連鎖処理"],"fullName":"ImmutableChainService 連鎖処理 連鎖がない場合は連鎖数0を返す","status":"passed","title":"連鎖がない場合は連鎖数0を返す","duration":0.8152000000000044,"failureMessages":[],"meta":{}},{"ancestorTitles":["ImmutableChainService","最大連鎖予測"],"fullName":"ImmutableChainService 最大連鎖予測 連鎖がない場合は0を返す","status":"passed","title":"連鎖がない場合は0を返す","duration":0.7244000000000597,"failureMessages":[],"meta":{}},{"ancestorTitles":["ImmutableChainService","最大連鎖予測"],"fullName":"ImmutableChainService 最大連鎖予測 単発消去の場合は1を返す","status":"passed","title":"単発消去の場合は1を返す","duration":1.4017999999996391,"failureMessages":[],"meta":{}}],"startTime":1755219809463,"endTime":1755219809485.4019,"status":"passed","message":"","name":"C:/Users/kakim/IdeaProjects/case-study-game-dev/app/src/domain/services/ImmutableChainService.test.ts"},{"assertionResults":[{"ancestorTitles":["GameBoardコンポーネント","初期表示テスト"],"fullName":"GameBoardコンポーネント 初期表示テスト 空のフィールドを表示できる","status":"passed","title":"空のフィールドを表示できる","duration":145.61269999999968,"failureMessages":[],"meta":{}},{"ancestorTitles":["GameBoardコンポーネント","初期表示テスト"],"fullName":"GameBoardコンポーネント 初期表示テスト 6×12のセルが表示される","status":"passed","title":"6×12のセルが表示される","duration":49.099199999999655,"failureMessages":[],"meta":{}},{"ancestorTitles":["GameBoardコンポーネント","初期表示テスト"],"fullName":"GameBoardコンポーネント 初期表示テスト 各セルに正しい座標が設定される","status":"passed","title":"各セルに正しい座標が設定される","duration":48.59130000000005,"failureMessages":[],"meta":{}}],"startTime":1755219798547,"endTime":1755219798790.5913,"status":"passed","message":"","name":"C:/Users/kakim/IdeaProjects/case-study-game-dev/app/src/presentation/components/GameBoard.test.tsx"},{"assertionResults":[{"ancestorTitles":["GameInfoコンポーネント","基本表示テスト"],"fullName":"GameInfoコンポーネント 基本表示テスト ゲーム情報コンテナが表示される","status":"passed","title":"ゲーム情報コンテナが表示される","duration":152.54950000000008,"failureMessages":[],"meta":{}},{"ancestorTitles":["GameInfoコンポーネント","基本表示テスト"],"fullName":"GameInfoコンポーネント 基本表示テスト スコア表示エリアが表示される","status":"passed","title":"スコア表示エリアが表示される","duration":38.97900000000027,"failureMessages":[],"meta":{}},{"ancestorTitles":["GameInfoコンポーネント","基本表示テスト"],"fullName":"GameInfoコンポーネント 基本表示テスト レベル表示エリアが表示される","status":"passed","title":"レベル表示エリアが表示される","duration":20.506500000000415,"failureMessages":[],"meta":{}},{"ancestorTitles":["GameInfoコンポーネント","基本表示テスト"],"fullName":"GameInfoコンポーネント 基本表示テスト ゲーム状態表示エリアが表示される","status":"passed","title":"ゲーム状態表示エリアが表示される","duration":15.83889999999974,"failureMessages":[],"meta":{}},{"ancestorTitles":["GameInfoコンポーネント","基本表示テスト"],"fullName":"GameInfoコンポーネント 基本表示テスト 次のぷよペア表示エリアが表示される","status":"passed","title":"次のぷよペア表示エリアが表示される","duration":20.219199999999546,"failureMessages":[],"meta":{}},{"ancestorTitles":["GameInfoコンポーネント","スコア表示テスト"],"fullName":"GameInfoコンポーネント スコア表示テスト 初期スコア0が表示される","status":"passed","title":"初期スコア0が表示される","duration":14.014999999999418,"failureMessages":[],"meta":{}},{"ancestorTitles":["GameInfoコンポーネント","スコア表示テスト"],"fullName":"GameInfoコンポーネント スコア表示テスト 更新されたスコアが表示される","status":"passed","title":"更新されたスコアが表示される","duration":10.267699999999422,"failureMessages":[],"meta":{}},{"ancestorTitles":["GameInfoコンポーネント","スコア表示テスト"],"fullName":"GameInfoコンポーネント スコア表示テスト 大きなスコアが正しく表示される","status":"passed","title":"大きなスコアが正しく表示される","duration":13.021899999999732,"failureMessages":[],"meta":{}},{"ancestorTitles":["GameInfoコンポーネント","レベル表示テスト"],"fullName":"GameInfoコンポーネント レベル表示テスト 初期レベル1が表示される","status":"passed","title":"初期レベル1が表示される","duration":15.846199999999953,"failureMessages":[],"meta":{}},{"ancestorTitles":["GameInfoコンポーネント","ゲーム状態表示テスト"],"fullName":"GameInfoコンポーネント ゲーム状態表示テスト ready状態が日本語で表示される","status":"passed","title":"ready状態が日本語で表示される","duration":11.655399999999645,"failureMessages":[],"meta":{}},{"ancestorTitles":["GameInfoコンポーネント","ゲーム状態表示テスト"],"fullName":"GameInfoコンポーネント ゲーム状態表示テスト playing状態が日本語で表示される","status":"passed","title":"playing状態が日本語で表示される","duration":9.877199999999903,"failureMessages":[],"meta":{}},{"ancestorTitles":["GameInfoコンポーネント","ゲーム状態表示テスト"],"fullName":"GameInfoコンポーネント ゲーム状態表示テスト paused状態が日本語で表示される","status":"passed","title":"paused状態が日本語で表示される","duration":13.268300000000636,"failureMessages":[],"meta":{}},{"ancestorTitles":["GameInfoコンポーネント","ゲーム状態表示テスト"],"fullName":"GameInfoコンポーネント ゲーム状態表示テスト gameOver状態が日本語で表示される","status":"passed","title":"gameOver状態が日本語で表示される","duration":12.33809999999994,"failureMessages":[],"meta":{}},{"ancestorTitles":["GameInfoコンポーネント","状態別スタイルテスト"],"fullName":"GameInfoコンポーネント 状態別スタイルテスト ready状態で適切なクラスが設定される","status":"passed","title":"ready状態で適切なクラスが設定される","duration":8.726900000000569,"failureMessages":[],"meta":{}},{"ancestorTitles":["GameInfoコンポーネント","状態別スタイルテスト"],"fullName":"GameInfoコンポーネント 状態別スタイルテスト playing状態で適切なクラスが設定される","status":"passed","title":"playing状態で適切なクラスが設定される","duration":14.35609999999997,"failureMessages":[],"meta":{}},{"ancestorTitles":["GameInfoコンポーネント","状態別スタイルテスト"],"fullName":"GameInfoコンポーネント 状態別スタイルテスト gameOver状態で適切なクラスが設定される","status":"passed","title":"gameOver状態で適切なクラスが設定される","duration":10.516499999999724,"failureMessages":[],"meta":{}},{"ancestorTitles":["GameInfoコンポーネント","リスタートボタンテスト"],"fullName":"GameInfoコンポーネント リスタートボタンテスト ゲームオーバー時にリスタートボタンが表示される","status":"passed","title":"ゲームオーバー時にリスタートボタンが表示される","duration":17.50210000000061,"failureMessages":[],"meta":{}},{"ancestorTitles":["GameInfoコンポーネント","リスタートボタンテスト"],"fullName":"GameInfoコンポーネント リスタートボタンテスト ゲームオーバー以外では リスタートボタンが表示されない","status":"passed","title":"ゲームオーバー以外では リスタートボタンが表示されない","duration":31.39099999999962,"failureMessages":[],"meta":{}},{"ancestorTitles":["GameInfoコンポーネント","リスタートボタンテスト"],"fullName":"GameInfoコンポーネント リスタートボタンテスト リスタートボタンクリック時にonRestartが呼ばれる","status":"passed","title":"リスタートボタンクリック時にonRestartが呼ばれる","duration":250.47819999999956,"failureMessages":[],"meta":{}},{"ancestorTitles":["GameInfoコンポーネント","次のぷよペア表示テスト"],"fullName":"GameInfoコンポーネント 次のぷよペア表示テスト ゲーム未開始時は次のぷよペアが空表示される","status":"passed","title":"ゲーム未開始時は次のぷよペアが空表示される","duration":12.088999999999942,"failureMessages":[],"meta":{}},{"ancestorTitles":["GameInfoコンポーネント","次のぷよペア表示テスト"],"fullName":"GameInfoコンポーネント 次のぷよペア表示テスト ゲーム開始時は次のぷよペアが表示される","status":"passed","title":"ゲーム開始時は次のぷよペアが表示される","duration":10.310699999999997,"failureMessages":[],"meta":{}}],"startTime":1755219798620,"endTime":1755219799326.3108,"status":"passed","message":"","name":"C:/Users/kakim/IdeaProjects/case-study-game-dev/app/src/presentation/components/GameInfo.test.tsx"},{"assertionResults":[{"ancestorTitles":["NextPuyoPairコンポーネント","基本表示テスト"],"fullName":"NextPuyoPairコンポーネント 基本表示テスト 次のぷよペアがnullの場合、空の表示が表示される","status":"passed","title":"次のぷよペアがnullの場合、空の表示が表示される","duration":107.6298999999999,"failureMessages":[],"meta":{}},{"ancestorTitles":["NextPuyoPairコンポーネント","基本表示テスト"],"fullName":"NextPuyoPairコンポーネント 基本表示テスト 次のぷよペアが設定されている場合、ぷよペアが表示される","status":"passed","title":"次のぷよペアが設定されている場合、ぷよペアが表示される","duration":9.01719999999932,"failureMessages":[],"meta":{}},{"ancestorTitles":["NextPuyoPairコンポーネント","基本表示テスト"],"fullName":"NextPuyoPairコンポーネント 基本表示テスト メインぷよとサブぷよが正しく表示される","status":"passed","title":"メインぷよとサブぷよが正しく表示される","duration":8.421199999999772,"failureMessages":[],"meta":{}},{"ancestorTitles":["NextPuyoPairコンポーネント","基本表示テスト"],"fullName":"NextPuyoPairコンポーネント 基本表示テスト サブぷよが上、メインぷよが下に配置される","status":"passed","title":"サブぷよが上、メインぷよが下に配置される","duration":8.074900000000525,"failureMessages":[],"meta":{}},{"ancestorTitles":["NextPuyoPairコンポーネント","基本表示テスト"],"fullName":"NextPuyoPairコンポーネント 基本表示テスト 異なる色の組み合わせで正しく表示される","status":"passed","title":"異なる色の組み合わせで正しく表示される","duration":8.867599999999584,"failureMessages":[],"meta":{}},{"ancestorTitles":["NextPuyoPairコンポーネント","空表示テスト"],"fullName":"NextPuyoPairコンポーネント 空表示テスト 空表示の場合、2つのグレーの丸が表示される","status":"passed","title":"空表示の場合、2つのグレーの丸が表示される","duration":12.568000000000211,"failureMessages":[],"meta":{}},{"ancestorTitles":["NextPuyoPairコンポーネント","空表示テスト"],"fullName":"NextPuyoPairコンポーネント 空表示テスト 空表示の要素が適切なスタイルを持つ","status":"passed","title":"空表示の要素が適切なスタイルを持つ","duration":5.260499999999411,"failureMessages":[],"meta":{}},{"ancestorTitles":["NextPuyoPairコンポーネント","レイアウトテスト"],"fullName":"NextPuyoPairコンポーネント レイアウトテスト ぷよペアコンテナが適切なスタイルを持つ","status":"passed","title":"ぷよペアコンテナが適切なスタイルを持つ","duration":5.463399999999638,"failureMessages":[],"meta":{}}],"startTime":1755219803681,"endTime":1755219803847.4634,"status":"passed","message":"","name":"C:/Users/kakim/IdeaProjects/case-study-game-dev/app/src/presentation/components/NextPuyoPair.test.tsx"},{"assertionResults":[{"ancestorTitles":["useAutoFall","ゲーム状態によるタイマー制御"],"fullName":"useAutoFall ゲーム状態によるタイマー制御 ゲームがready状態の場合はタイマーが動作しない","status":"passed","title":"ゲームがready状態の場合はタイマーが動作しない","duration":48.48739999999998,"failureMessages":[],"meta":{}},{"ancestorTitles":["useAutoFall","ゲーム状態によるタイマー制御"],"fullName":"useAutoFall ゲーム状態によるタイマー制御 ゲームがplaying状態でcurrentPuyoPairがnullの場合は新しいペアを生成","status":"passed","title":"ゲームがplaying状態でcurrentPuyoPairがnullの場合は新しいペアを生成","duration":12.545100000000275,"failureMessages":[],"meta":{}},{"ancestorTitles":["useAutoFall","ゲーム状態によるタイマー制御"],"fullName":"useAutoFall ゲーム状態によるタイマー制御 ゲームがpaused状態の場合はタイマーが停止する","status":"passed","title":"ゲームがpaused状態の場合はタイマーが停止する","duration":4.935900000000402,"failureMessages":[],"meta":{}},{"ancestorTitles":["useAutoFall","自動落下ロジック"],"fullName":"useAutoFall 自動落下ロジック playing状態でcurrentPuyoPairがある場合、指定間隔でupdateGameが呼ばれる","status":"passed","title":"playing状態でcurrentPuyoPairがある場合、指定間隔でupdateGameが呼ばれる","duration":5.543000000000575,"failureMessages":[],"meta":{}},{"ancestorTitles":["useAutoFall","自動落下ロジック"],"fullName":"useAutoFall 自動落下ロジック カスタムfallSpeedが正しく適用される","status":"passed","title":"カスタムfallSpeedが正しく適用される","duration":4.927300000000287,"failureMessages":[],"meta":{}},{"ancestorTitles":["useAutoFall","自動落下ロジック"],"fullName":"useAutoFall 自動落下ロジック デフォルトのfallSpeedは1000msである","status":"passed","title":"デフォルトのfallSpeedは1000msである","duration":9.720299999999952,"failureMessages":[],"meta":{}},{"ancestorTitles":["useAutoFall","クリーンアップ"],"fullName":"useAutoFall クリーンアップ コンポーネントのアンマウント時にタイマーがクリアされる","status":"passed","title":"コンポーネントのアンマウント時にタイマーがクリアされる","duration":5.352499999999964,"failureMessages":[],"meta":{}}],"startTime":1755219799112,"endTime":1755219799205.3525,"status":"passed","message":"","name":"C:/Users/kakim/IdeaProjects/case-study-game-dev/app/src/presentation/hooks/useAutoFall.test.ts"},{"assertionResults":[{"ancestorTitles":["useKeyboardフック","基本的なキー入力検知"],"fullName":"useKeyboardフック 基本的なキー入力検知 左矢印キーの押下を検知する","status":"passed","title":"左矢印キーの押下を検知する","duration":54.1266999999998,"failureMessages":[],"meta":{}},{"ancestorTitles":["useKeyboardフック","基本的なキー入力検知"],"fullName":"useKeyboardフック 基本的なキー入力検知 右矢印キーの押下を検知する","status":"passed","title":"右矢印キーの押下を検知する","duration":10.125900000000001,"failureMessages":[],"meta":{}},{"ancestorTitles":["useKeyboardフック","基本的なキー入力検知"],"fullName":"useKeyboardフック 基本的なキー入力検知 下矢印キーの押下を検知する","status":"passed","title":"下矢印キーの押下を検知する","duration":8.25669999999991,"failureMessages":[],"meta":{}},{"ancestorTitles":["useKeyboardフック","基本的なキー入力検知"],"fullName":"useKeyboardフック 基本的なキー入力検知 上矢印キーの押下を検知する（回転用）","status":"passed","title":"上矢印キーの押下を検知する（回転用）","duration":5.200300000000425,"failureMessages":[],"meta":{}},{"ancestorTitles":["useKeyboardフック","スペースキーによる代替操作"],"fullName":"useKeyboardフック スペースキーによる代替操作 スペースキーで回転を検知する","status":"passed","title":"スペースキーで回転を検知する","duration":4.663800000000265,"failureMessages":[],"meta":{}},{"ancestorTitles":["useKeyboardフック","ゲーム制御キー"],"fullName":"useKeyboardフック ゲーム制御キー Pキーでポーズを検知する","status":"passed","title":"Pキーでポーズを検知する","duration":4.455300000000534,"failureMessages":[],"meta":{}},{"ancestorTitles":["useKeyboardフック","ゲーム制御キー"],"fullName":"useKeyboardフック ゲーム制御キー Rキーでリセットを検知する","status":"passed","title":"Rキーでリセットを検知する","duration":4.6580000000003565,"failureMessages":[],"meta":{}},{"ancestorTitles":["useKeyboardフック","複数のハンドラー設定"],"fullName":"useKeyboardフック 複数のハンドラー設定 複数のキーハンドラーが正しく動作する","status":"passed","title":"複数のキーハンドラーが正しく動作する","duration":6.362200000000485,"failureMessages":[],"meta":{}},{"ancestorTitles":["useKeyboardフック","無効なキー入力"],"fullName":"useKeyboardフック 無効なキー入力 定義されていないキーは無視される","status":"passed","title":"定義されていないキーは無視される","duration":4.928200000000288,"failureMessages":[],"meta":{}},{"ancestorTitles":["useKeyboardフック","フック解除時のクリーンアップ"],"fullName":"useKeyboardフック フック解除時のクリーンアップ コンポーネントアンマウント時にイベントリスナーが削除される","status":"passed","title":"コンポーネントアンマウント時にイベントリスナーが削除される","duration":11.429399999999987,"failureMessages":[],"meta":{}}],"startTime":1755219804328,"endTime":1755219804443.4294,"status":"passed","message":"","name":"C:/Users/kakim/IdeaProjects/case-study-game-dev/app/src/presentation/hooks/useKeyboard.test.ts"}],"coverageMap":{"C:\\Users\\kakim\\IdeaProjects\\case-study-game-dev\\app\\src\\application\\di\\Container.ts":{"path":"C:\\Users\\kakim\\IdeaProjects\\case-study-game-dev\\app\\src\\application\\di\\Container.ts","all":false,"statementMap":{"0":{"start":{"line":1,"column":0},"end":{"line":1,"column":83}},"1":{"start":{"line":2,"column":0},"end":{"line":2,"column":73}},"2":{"start":{"line":3,"column":0},"end":{"line":3,"column":79}},"12":{"start":{"line":13,"column":0},"end":{"line":13,"column":24}},"13":{"start":{"line":14,"column":0},"end":{"line":14,"column":36}},"14":{"start":{"line":15,"column":0},"end":{"line":15,"column":47}},"15":{"start":{"line":16,"column":0},"end":{"line":16,"column":40}},"17":{"start":{"line":18,"column":0},"end":{"line":18,"column":17}},"19":{"start":{"line":20,"column":0},"end":{"line":20,"column":3}},"25":{"start":{"line":26,"column":0},"end":{"line":26,"column":35}},"26":{"start":{"line":27,"column":0},"end":{"line":27,"column":30}},"27":{"start":{"line":28,"column":0},"end":{"line":28,"column":42}},"28":{"start":{"line":29,"column":0},"end":{"line":29,"column":5}},"29":{"start":{"line":30,"column":0},"end":{"line":30,"column":29}},"30":{"start":{"line":31,"column":0},"end":{"line":31,"column":3}},"38":{"start":{"line":39,"column":0},"end":{"line":39,"column":80}},"39":{"start":{"line":40,"column":0},"end":{"line":40,"column":35}},"40":{"start":{"line":41,"column":0},"end":{"line":41,"column":20}},"41":{"start":{"line":42,"column":0},"end":{"line":42,"column":30}},"42":{"start":{"line":43,"column":0},"end":{"line":43,"column":5}},"43":{"start":{"line":44,"column":0},"end":{"line":44,"column":3}},"50":{"start":{"line":51,"column":0},"end":{"line":51,"column":30}},"51":{"start":{"line":52,"column":0},"end":{"line":52,"column":42}},"52":{"start":{"line":53,"column":0},"end":{"line":53,"column":19}},"53":{"start":{"line":54,"column":0},"end":{"line":54,"column":55}},"54":{"start":{"line":55,"column":0},"end":{"line":55,"column":5}},"56":{"start":{"line":57,"column":0},"end":{"line":57,"column":35}},"58":{"start":{"line":59,"column":0},"end":{"line":59,"column":67}},"59":{"start":{"line":60,"column":0},"end":{"line":60,"column":29}},"60":{"start":{"line":61,"column":0},"end":{"line":61,"column":36}},"61":{"start":{"line":62,"column":0},"end":{"line":62,"column":7}},"63":{"start":{"line":64,"column":0},"end":{"line":64,"column":45}},"64":{"start":{"line":65,"column":0},"end":{"line":65,"column":52}},"65":{"start":{"line":66,"column":0},"end":{"line":66,"column":21}},"66":{"start":{"line":67,"column":0},"end":{"line":67,"column":5}},"68":{"start":{"line":69,"column":0},"end":{"line":69,"column":33}},"69":{"start":{"line":70,"column":0},"end":{"line":70,"column":3}},"76":{"start":{"line":77,"column":0},"end":{"line":77,"column":29}},"77":{"start":{"line":78,"column":0},"end":{"line":78,"column":33}},"78":{"start":{"line":79,"column":0},"end":{"line":79,"column":3}},"84":{"start":{"line":85,"column":0},"end":{"line":85,"column":33}},"85":{"start":{"line":86,"column":0},"end":{"line":86,"column":29}},"86":{"start":{"line":87,"column":0},"end":{"line":87,"column":43}},"87":{"start":{"line":88,"column":0},"end":{"line":88,"column":31}},"88":{"start":{"line":89,"column":0},"end":{"line":89,"column":3}},"93":{"start":{"line":94,"column":0},"end":{"line":94,"column":17}},"94":{"start":{"line":95,"column":0},"end":{"line":95,"column":25}},"95":{"start":{"line":96,"column":0},"end":{"line":96,"column":27}},"96":{"start":{"line":97,"column":0},"end":{"line":97,"column":3}},"103":{"start":{"line":104,"column":0},"end":{"line":104,"column":36}},"104":{"start":{"line":105,"column":0},"end":{"line":105,"column":51}},"105":{"start":{"line":106,"column":0},"end":{"line":106,"column":3}},"107":{"start":{"line":108,"column":0},"end":{"line":108,"column":32}},"108":{"start":{"line":109,"column":0},"end":{"line":109,"column":47}},"109":{"start":{"line":110,"column":0},"end":{"line":110,"column":3}},"111":{"start":{"line":112,"column":0},"end":{"line":112,"column":30}},"112":{"start":{"line":113,"column":0},"end":{"line":113,"column":45}},"113":{"start":{"line":114,"column":0},"end":{"line":114,"column":3}},"115":{"start":{"line":116,"column":0},"end":{"line":116,"column":32}},"116":{"start":{"line":117,"column":0},"end":{"line":117,"column":47}},"117":{"start":{"line":118,"column":0},"end":{"line":118,"column":3}},"119":{"start":{"line":120,"column":0},"end":{"line":120,"column":53}},"120":{"start":{"line":121,"column":0},"end":{"line":121,"column":71}},"121":{"start":{"line":122,"column":0},"end":{"line":122,"column":3}},"123":{"start":{"line":124,"column":0},"end":{"line":124,"column":43}},"124":{"start":{"line":125,"column":0},"end":{"line":125,"column":61}},"125":{"start":{"line":126,"column":0},"end":{"line":126,"column":3}},"127":{"start":{"line":128,"column":0},"end":{"line":128,"column":49}},"128":{"start":{"line":129,"column":0},"end":{"line":129,"column":67}},"129":{"start":{"line":130,"column":0},"end":{"line":130,"column":3}},"135":{"start":{"line":136,"column":0},"end":{"line":136,"column":38}},"136":{"start":{"line":137,"column":0},"end":{"line":137,"column":71}},"137":{"start":{"line":138,"column":0},"end":{"line":138,"column":42}},"138":{"start":{"line":139,"column":0},"end":{"line":139,"column":5}},"140":{"start":{"line":141,"column":0},"end":{"line":141,"column":57}},"142":{"start":{"line":143,"column":0},"end":{"line":143,"column":67}},"143":{"start":{"line":144,"column":0},"end":{"line":144,"column":49}},"144":{"start":{"line":145,"column":0},"end":{"line":145,"column":49}},"146":{"start":{"line":147,"column":0},"end":{"line":147,"column":12}},"147":{"start":{"line":148,"column":0},"end":{"line":148,"column":25}},"148":{"start":{"line":149,"column":0},"end":{"line":149,"column":24}},"149":{"start":{"line":150,"column":0},"end":{"line":150,"column":29}},"150":{"start":{"line":151,"column":0},"end":{"line":151,"column":47}},"151":{"start":{"line":152,"column":0},"end":{"line":152,"column":5}},"152":{"start":{"line":153,"column":0},"end":{"line":153,"column":3}},"158":{"start":{"line":159,"column":0},"end":{"line":159,"column":26}},"159":{"start":{"line":160,"column":0},"end":{"line":160,"column":55}},"160":{"start":{"line":161,"column":0},"end":{"line":161,"column":11}},"161":{"start":{"line":162,"column":0},"end":{"line":162,"column":26}},"162":{"start":{"line":163,"column":0},"end":{"line":163,"column":18}},"164":{"start":{"line":165,"column":0},"end":{"line":165,"column":31}},"165":{"start":{"line":166,"column":0},"end":{"line":166,"column":13}},"167":{"start":{"line":168,"column":0},"end":{"line":168,"column":25}},"169":{"start":{"line":170,"column":0},"end":{"line":170,"column":13}},"171":{"start":{"line":172,"column":0},"end":{"line":172,"column":24}},"173":{"start":{"line":174,"column":0},"end":{"line":174,"column":13}},"174":{"start":{"line":175,"column":0},"end":{"line":175,"column":5}},"175":{"start":{"line":176,"column":0},"end":{"line":176,"column":3}},"176":{"start":{"line":177,"column":0},"end":{"line":177,"column":1}}},"s":{"0":1,"1":1,"2":1,"12":1,"13":8,"14":8,"15":8,"17":8,"19":4,"25":8,"26":0,"27":0,"28":0,"29":0,"30":0,"38":8,"39":28,"40":28,"41":28,"42":28,"43":28,"50":8,"51":147,"52":147,"53":0,"54":0,"56":147,"58":147,"59":147,"60":132,"61":132,"63":15,"64":15,"65":15,"66":15,"68":0,"69":147,"76":8,"77":0,"78":0,"84":8,"85":0,"86":0,"87":0,"88":0,"93":8,"94":0,"95":0,"96":0,"103":8,"104":0,"105":0,"107":8,"108":0,"109":0,"111":8,"112":0,"113":0,"115":8,"116":0,"117":0,"119":8,"120":0,"121":0,"123":8,"124":0,"125":0,"127":8,"128":0,"129":0,"135":8,"136":0,"137":0,"138":0,"140":0,"142":0,"143":0,"144":0,"146":0,"147":0,"148":0,"149":0,"150":0,"151":0,"152":0,"158":8,"159":0,"160":0,"161":0,"162":0,"164":0,"165":0,"167":0,"169":0,"171":0,"173":0,"174":0,"175":0,"176":8},"branchMap":{"0":{"type":"branch","line":13,"loc":{"start":{"line":13,"column":23},"end":{"line":177,"column":1}},"locations":[{"start":{"line":13,"column":23},"end":{"line":177,"column":1}}]},"1":{"type":"branch","line":18,"loc":{"start":{"line":18,"column":2},"end":{"line":20,"column":3}},"locations":[{"start":{"line":18,"column":2},"end":{"line":20,"column":3}}]},"2":{"type":"branch","line":39,"loc":{"start":{"line":39,"column":2},"end":{"line":44,"column":3}},"locations":[{"start":{"line":39,"column":2},"end":{"line":44,"column":3}}]},"3":{"type":"branch","line":51,"loc":{"start":{"line":51,"column":2},"end":{"line":70,"column":3}},"locations":[{"start":{"line":51,"column":2},"end":{"line":70,"column":3}}]},"4":{"type":"branch","line":53,"loc":{"start":{"line":53,"column":18},"end":{"line":55,"column":5}},"locations":[{"start":{"line":53,"column":18},"end":{"line":55,"column":5}}]},"5":{"type":"branch","line":60,"loc":{"start":{"line":60,"column":28},"end":{"line":62,"column":7}},"locations":[{"start":{"line":60,"column":28},"end":{"line":62,"column":7}}]},"6":{"type":"branch","line":62,"loc":{"start":{"line":62,"column":6},"end":{"line":67,"column":5}},"locations":[{"start":{"line":62,"column":6},"end":{"line":67,"column":5}}]},"7":{"type":"branch","line":67,"loc":{"start":{"line":67,"column":4},"end":{"line":69,"column":33}},"locations":[{"start":{"line":67,"column":4},"end":{"line":69,"column":33}}]}},"b":{"0":[8],"1":[4],"2":[28],"3":[147],"4":[0],"5":[132],"6":[15],"7":[0]},"fnMap":{"0":{"name":"<static_initializer>","decl":{"start":{"line":13,"column":23},"end":{"line":177,"column":1}},"loc":{"start":{"line":13,"column":23},"end":{"line":177,"column":1}},"line":13},"1":{"name":"Container","decl":{"start":{"line":18,"column":2},"end":{"line":20,"column":3}},"loc":{"start":{"line":18,"column":2},"end":{"line":20,"column":3}},"line":18},"2":{"name":"getInstance","decl":{"start":{"line":26,"column":9},"end":{"line":31,"column":3}},"loc":{"start":{"line":26,"column":9},"end":{"line":31,"column":3}},"line":26},"3":{"name":"register","decl":{"start":{"line":39,"column":2},"end":{"line":44,"column":3}},"loc":{"start":{"line":39,"column":2},"end":{"line":44,"column":3}},"line":39},"4":{"name":"resolve","decl":{"start":{"line":51,"column":2},"end":{"line":70,"column":3}},"loc":{"start":{"line":51,"column":2},"end":{"line":70,"column":3}},"line":51},"5":{"name":"has","decl":{"start":{"line":77,"column":2},"end":{"line":79,"column":3}},"loc":{"start":{"line":77,"column":2},"end":{"line":79,"column":3}},"line":77},"6":{"name":"unregister","decl":{"start":{"line":85,"column":2},"end":{"line":89,"column":3}},"loc":{"start":{"line":85,"column":2},"end":{"line":89,"column":3}},"line":85},"7":{"name":"clear","decl":{"start":{"line":94,"column":2},"end":{"line":97,"column":3}},"loc":{"start":{"line":94,"column":2},"end":{"line":97,"column":3}},"line":94},"8":{"name":"getStorageAdapter","decl":{"start":{"line":104,"column":2},"end":{"line":106,"column":3}},"loc":{"start":{"line":104,"column":2},"end":{"line":106,"column":3}},"line":104},"9":{"name":"getTimerAdapter","decl":{"start":{"line":108,"column":2},"end":{"line":110,"column":3}},"loc":{"start":{"line":108,"column":2},"end":{"line":110,"column":3}},"line":108},"10":{"name":"getGameService","decl":{"start":{"line":112,"column":2},"end":{"line":114,"column":3}},"loc":{"start":{"line":112,"column":2},"end":{"line":114,"column":3}},"line":112},"11":{"name":"getInputService","decl":{"start":{"line":116,"column":2},"end":{"line":118,"column":3}},"loc":{"start":{"line":116,"column":2},"end":{"line":118,"column":3}},"line":116},"12":{"name":"getChainDetectionService","decl":{"start":{"line":120,"column":2},"end":{"line":122,"column":3}},"loc":{"start":{"line":120,"column":2},"end":{"line":122,"column":3}},"line":120},"13":{"name":"getCollisionService","decl":{"start":{"line":124,"column":2},"end":{"line":126,"column":3}},"loc":{"start":{"line":124,"column":2},"end":{"line":126,"column":3}},"line":124},"14":{"name":"getPuyoSpawningService","decl":{"start":{"line":128,"column":2},"end":{"line":130,"column":3}},"loc":{"start":{"line":128,"column":2},"end":{"line":130,"column":3}},"line":128},"15":{"name":"getDebugInfo","decl":{"start":{"line":136,"column":2},"end":{"line":153,"column":3}},"loc":{"start":{"line":136,"column":2},"end":{"line":153,"column":3}},"line":136},"16":{"name":"configureForEnvironment","decl":{"start":{"line":159,"column":2},"end":{"line":176,"column":3}},"loc":{"start":{"line":159,"column":2},"end":{"line":176,"column":3}},"line":159}},"f":{"0":8,"1":4,"2":0,"3":28,"4":147,"5":0,"6":0,"7":0,"8":0,"9":0,"10":0,"11":0,"12":0,"13":0,"14":0,"15":0,"16":0}},"C:\\Users\\kakim\\IdeaProjects\\case-study-game-dev\\app\\src\\application\\services\\GameApplicationService.ts":{"path":"C:\\Users\\kakim\\IdeaProjects\\case-study-game-dev\\app\\src\\application\\services\\GameApplicationService.ts","all":false,"statementMap":{"1":{"start":{"line":2,"column":0},"end":{"line":2,"column":8}},"21":{"start":{"line":22,"column":0},"end":{"line":22,"column":71}},"27":{"start":{"line":28,"column":0},"end":{"line":28,"column":57}},"28":{"start":{"line":29,"column":0},"end":{"line":29,"column":41}},"29":{"start":{"line":30,"column":0},"end":{"line":30,"column":42}},"31":{"start":{"line":32,"column":0},"end":{"line":32,"column":46}},"32":{"start":{"line":33,"column":0},"end":{"line":33,"column":42}},"34":{"start":{"line":35,"column":0},"end":{"line":35,"column":69}},"35":{"start":{"line":36,"column":0},"end":{"line":36,"column":40}},"36":{"start":{"line":37,"column":0},"end":{"line":37,"column":36}},"37":{"start":{"line":38,"column":0},"end":{"line":38,"column":3}},"39":{"start":{"line":40,"column":0},"end":{"line":40,"column":36}},"41":{"start":{"line":42,"column":0},"end":{"line":42,"column":32}},"42":{"start":{"line":43,"column":0},"end":{"line":43,"column":30}},"43":{"start":{"line":44,"column":0},"end":{"line":44,"column":31}},"44":{"start":{"line":45,"column":0},"end":{"line":45,"column":55}},"45":{"start":{"line":46,"column":0},"end":{"line":46,"column":3}},"47":{"start":{"line":48,"column":0},"end":{"line":48,"column":33}},"49":{"start":{"line":50,"column":0},"end":{"line":50,"column":24}},"52":{"start":{"line":53,"column":0},"end":{"line":53,"column":32}},"53":{"start":{"line":54,"column":0},"end":{"line":54,"column":42}},"55":{"start":{"line":56,"column":0},"end":{"line":56,"column":34}},"56":{"start":{"line":57,"column":0},"end":{"line":57,"column":25}},"57":{"start":{"line":58,"column":0},"end":{"line":58,"column":35}},"59":{"start":{"line":60,"column":0},"end":{"line":60,"column":59}},"60":{"start":{"line":61,"column":0},"end":{"line":61,"column":3}},"62":{"start":{"line":63,"column":0},"end":{"line":63,"column":18}},"63":{"start":{"line":64,"column":0},"end":{"line":64,"column":33}},"64":{"start":{"line":65,"column":0},"end":{"line":65,"column":23}},"65":{"start":{"line":66,"column":0},"end":{"line":66,"column":20}},"67":{"start":{"line":68,"column":0},"end":{"line":68,"column":65}},"70":{"start":{"line":71,"column":0},"end":{"line":71,"column":66}},"71":{"start":{"line":72,"column":0},"end":{"line":72,"column":36}},"72":{"start":{"line":73,"column":0},"end":{"line":73,"column":75}},"73":{"start":{"line":74,"column":0},"end":{"line":74,"column":26}},"74":{"start":{"line":75,"column":0},"end":{"line":75,"column":5}},"77":{"start":{"line":78,"column":0},"end":{"line":78,"column":54}},"80":{"start":{"line":81,"column":0},"end":{"line":81,"column":34}},"81":{"start":{"line":82,"column":0},"end":{"line":82,"column":35}},"84":{"start":{"line":85,"column":0},"end":{"line":85,"column":61}},"85":{"start":{"line":86,"column":0},"end":{"line":86,"column":26}},"86":{"start":{"line":87,"column":0},"end":{"line":87,"column":5}},"88":{"start":{"line":89,"column":0},"end":{"line":89,"column":59}},"89":{"start":{"line":90,"column":0},"end":{"line":90,"column":3}},"91":{"start":{"line":92,"column":0},"end":{"line":92,"column":73}},"92":{"start":{"line":93,"column":0},"end":{"line":93,"column":31}},"93":{"start":{"line":94,"column":0},"end":{"line":94,"column":33}},"96":{"start":{"line":97,"column":0},"end":{"line":97,"column":68}},"97":{"start":{"line":98,"column":0},"end":{"line":98,"column":78}},"99":{"start":{"line":100,"column":0},"end":{"line":100,"column":12}},"100":{"start":{"line":101,"column":0},"end":{"line":101,"column":35}},"101":{"start":{"line":102,"column":0},"end":{"line":102,"column":13}},"102":{"start":{"line":103,"column":0},"end":{"line":103,"column":15}},"103":{"start":{"line":104,"column":0},"end":{"line":104,"column":5}},"104":{"start":{"line":105,"column":0},"end":{"line":105,"column":3}},"106":{"start":{"line":107,"column":0},"end":{"line":107,"column":47}},"107":{"start":{"line":108,"column":0},"end":{"line":108,"column":33}},"108":{"start":{"line":109,"column":0},"end":{"line":109,"column":21}},"109":{"start":{"line":110,"column":0},"end":{"line":110,"column":11}},"110":{"start":{"line":111,"column":0},"end":{"line":111,"column":28}},"111":{"start":{"line":112,"column":0},"end":{"line":112,"column":39}},"112":{"start":{"line":113,"column":0},"end":{"line":113,"column":5}},"114":{"start":{"line":115,"column":0},"end":{"line":115,"column":78}},"115":{"start":{"line":116,"column":0},"end":{"line":116,"column":63}},"116":{"start":{"line":117,"column":0},"end":{"line":117,"column":5}},"118":{"start":{"line":119,"column":0},"end":{"line":119,"column":42}},"119":{"start":{"line":120,"column":0},"end":{"line":120,"column":45}},"120":{"start":{"line":121,"column":0},"end":{"line":121,"column":5}},"122":{"start":{"line":123,"column":0},"end":{"line":123,"column":34}},"123":{"start":{"line":124,"column":0},"end":{"line":124,"column":45}},"124":{"start":{"line":125,"column":0},"end":{"line":125,"column":5}},"125":{"start":{"line":126,"column":0},"end":{"line":126,"column":3}},"127":{"start":{"line":128,"column":0},"end":{"line":128,"column":47}},"128":{"start":{"line":129,"column":0},"end":{"line":129,"column":33}},"129":{"start":{"line":130,"column":0},"end":{"line":130,"column":21}},"130":{"start":{"line":131,"column":0},"end":{"line":131,"column":23}},"131":{"start":{"line":132,"column":0},"end":{"line":132,"column":11}},"132":{"start":{"line":133,"column":0},"end":{"line":133,"column":31}},"133":{"start":{"line":134,"column":0},"end":{"line":134,"column":42}},"134":{"start":{"line":135,"column":0},"end":{"line":135,"column":12}},"135":{"start":{"line":136,"column":0},"end":{"line":136,"column":5}},"137":{"start":{"line":138,"column":0},"end":{"line":138,"column":42}},"138":{"start":{"line":139,"column":0},"end":{"line":139,"column":54}},"139":{"start":{"line":140,"column":0},"end":{"line":140,"column":5}},"140":{"start":{"line":141,"column":0},"end":{"line":141,"column":44}},"141":{"start":{"line":142,"column":0},"end":{"line":142,"column":56}},"142":{"start":{"line":143,"column":0},"end":{"line":143,"column":5}},"143":{"start":{"line":144,"column":0},"end":{"line":144,"column":3}},"149":{"start":{"line":150,"column":0},"end":{"line":150,"column":33}},"150":{"start":{"line":151,"column":0},"end":{"line":151,"column":27}},"151":{"start":{"line":152,"column":0},"end":{"line":152,"column":3}},"159":{"start":{"line":160,"column":0},"end":{"line":160,"column":77}},"163":{"start":{"line":164,"column":0},"end":{"line":164,"column":27}},"164":{"start":{"line":165,"column":0},"end":{"line":165,"column":29}},"165":{"start":{"line":166,"column":0},"end":{"line":166,"column":5}},"167":{"start":{"line":168,"column":0},"end":{"line":168,"column":23}},"168":{"start":{"line":169,"column":0},"end":{"line":169,"column":3}},"174":{"start":{"line":175,"column":0},"end":{"line":175,"column":45}},"175":{"start":{"line":176,"column":0},"end":{"line":176,"column":9}},"176":{"start":{"line":177,"column":0},"end":{"line":177,"column":76}},"177":{"start":{"line":178,"column":0},"end":{"line":178,"column":22}},"178":{"start":{"line":179,"column":0},"end":{"line":179,"column":36}},"180":{"start":{"line":181,"column":0},"end":{"line":181,"column":44}},"181":{"start":{"line":182,"column":0},"end":{"line":182,"column":31}},"182":{"start":{"line":183,"column":0},"end":{"line":183,"column":9}},"183":{"start":{"line":184,"column":0},"end":{"line":184,"column":7}},"184":{"start":{"line":185,"column":0},"end":{"line":185,"column":22}},"185":{"start":{"line":186,"column":0},"end":{"line":186,"column":21}},"186":{"start":{"line":187,"column":0},"end":{"line":187,"column":59}},"187":{"start":{"line":188,"column":0},"end":{"line":188,"column":17}},"188":{"start":{"line":189,"column":0},"end":{"line":189,"column":5}},"189":{"start":{"line":190,"column":0},"end":{"line":190,"column":3}},"197":{"start":{"line":198,"column":0},"end":{"line":198,"column":61}},"199":{"start":{"line":200,"column":0},"end":{"line":200,"column":53}},"200":{"start":{"line":201,"column":0},"end":{"line":201,"column":3}},"202":{"start":{"line":203,"column":0},"end":{"line":203,"column":73}},"203":{"start":{"line":204,"column":0},"end":{"line":204,"column":40}},"204":{"start":{"line":205,"column":0},"end":{"line":205,"column":51}},"205":{"start":{"line":206,"column":0},"end":{"line":206,"column":5}},"207":{"start":{"line":208,"column":0},"end":{"line":208,"column":41}},"208":{"start":{"line":209,"column":0},"end":{"line":209,"column":52}},"209":{"start":{"line":210,"column":0},"end":{"line":210,"column":5}},"211":{"start":{"line":212,"column":0},"end":{"line":212,"column":48}},"212":{"start":{"line":213,"column":0},"end":{"line":213,"column":15}},"213":{"start":{"line":214,"column":0},"end":{"line":214,"column":3}},"215":{"start":{"line":216,"column":0},"end":{"line":216,"column":57}},"216":{"start":{"line":217,"column":0},"end":{"line":217,"column":27}},"217":{"start":{"line":218,"column":0},"end":{"line":218,"column":18}},"218":{"start":{"line":219,"column":0},"end":{"line":219,"column":19}},"219":{"start":{"line":220,"column":0},"end":{"line":220,"column":15}},"220":{"start":{"line":221,"column":0},"end":{"line":221,"column":25}},"221":{"start":{"line":222,"column":0},"end":{"line":222,"column":32}},"222":{"start":{"line":223,"column":0},"end":{"line":223,"column":13}},"223":{"start":{"line":224,"column":0},"end":{"line":224,"column":18}},"224":{"start":{"line":225,"column":0},"end":{"line":225,"column":18}},"225":{"start":{"line":226,"column":0},"end":{"line":226,"column":5}},"226":{"start":{"line":227,"column":0},"end":{"line":227,"column":46}},"227":{"start":{"line":228,"column":0},"end":{"line":228,"column":3}},"229":{"start":{"line":230,"column":0},"end":{"line":230,"column":58}},"230":{"start":{"line":231,"column":0},"end":{"line":231,"column":61}},"231":{"start":{"line":232,"column":0},"end":{"line":232,"column":43}},"232":{"start":{"line":233,"column":0},"end":{"line":233,"column":3}},"234":{"start":{"line":235,"column":0},"end":{"line":235,"column":69}},"235":{"start":{"line":236,"column":0},"end":{"line":236,"column":36}},"236":{"start":{"line":237,"column":0},"end":{"line":237,"column":48}},"237":{"start":{"line":238,"column":0},"end":{"line":238,"column":5}},"239":{"start":{"line":240,"column":0},"end":{"line":240,"column":38}},"240":{"start":{"line":241,"column":0},"end":{"line":241,"column":29}},"241":{"start":{"line":242,"column":0},"end":{"line":242,"column":5}},"243":{"start":{"line":244,"column":0},"end":{"line":244,"column":36}},"244":{"start":{"line":245,"column":0},"end":{"line":245,"column":31}},"245":{"start":{"line":246,"column":0},"end":{"line":246,"column":5}},"247":{"start":{"line":248,"column":0},"end":{"line":248,"column":15}},"248":{"start":{"line":249,"column":0},"end":{"line":249,"column":3}},"250":{"start":{"line":251,"column":0},"end":{"line":251,"column":53}},"251":{"start":{"line":252,"column":0},"end":{"line":252,"column":70}},"252":{"start":{"line":253,"column":0},"end":{"line":253,"column":3}},"254":{"start":{"line":255,"column":0},"end":{"line":255,"column":55}},"255":{"start":{"line":256,"column":0},"end":{"line":256,"column":12}},"256":{"start":{"line":257,"column":0},"end":{"line":257,"column":33}},"257":{"start":{"line":258,"column":0},"end":{"line":258,"column":43}},"258":{"start":{"line":259,"column":0},"end":{"line":259,"column":47}},"260":{"start":{"line":261,"column":0},"end":{"line":261,"column":3}},"262":{"start":{"line":263,"column":0},"end":{"line":263,"column":53}},"263":{"start":{"line":264,"column":0},"end":{"line":264,"column":12}},"264":{"start":{"line":265,"column":0},"end":{"line":265,"column":31}},"265":{"start":{"line":266,"column":0},"end":{"line":266,"column":36}},"266":{"start":{"line":267,"column":0},"end":{"line":267,"column":33}},"268":{"start":{"line":269,"column":0},"end":{"line":269,"column":3}},"270":{"start":{"line":271,"column":0},"end":{"line":271,"column":66}},"271":{"start":{"line":272,"column":0},"end":{"line":272,"column":38}},"272":{"start":{"line":273,"column":0},"end":{"line":273,"column":26}},"273":{"start":{"line":274,"column":0},"end":{"line":274,"column":27}},"274":{"start":{"line":275,"column":0},"end":{"line":275,"column":3}},"276":{"start":{"line":277,"column":0},"end":{"line":277,"column":70}},"277":{"start":{"line":278,"column":0},"end":{"line":278,"column":26}},"278":{"start":{"line":279,"column":0},"end":{"line":279,"column":19}},"279":{"start":{"line":280,"column":0},"end":{"line":280,"column":28}},"280":{"start":{"line":281,"column":0},"end":{"line":281,"column":30}},"281":{"start":{"line":282,"column":0},"end":{"line":282,"column":22}},"282":{"start":{"line":283,"column":0},"end":{"line":283,"column":44}},"283":{"start":{"line":284,"column":0},"end":{"line":284,"column":46}},"284":{"start":{"line":285,"column":0},"end":{"line":285,"column":31}},"285":{"start":{"line":286,"column":0},"end":{"line":286,"column":9}},"286":{"start":{"line":287,"column":0},"end":{"line":287,"column":26}},"287":{"start":{"line":288,"column":0},"end":{"line":288,"column":7}},"288":{"start":{"line":289,"column":0},"end":{"line":289,"column":23}},"289":{"start":{"line":290,"column":0},"end":{"line":290,"column":28}},"290":{"start":{"line":291,"column":0},"end":{"line":291,"column":36}},"291":{"start":{"line":292,"column":0},"end":{"line":292,"column":34}},"292":{"start":{"line":293,"column":0},"end":{"line":293,"column":35}},"293":{"start":{"line":294,"column":0},"end":{"line":294,"column":22}},"294":{"start":{"line":295,"column":0},"end":{"line":295,"column":7}},"295":{"start":{"line":296,"column":0},"end":{"line":296,"column":18}},"296":{"start":{"line":297,"column":0},"end":{"line":297,"column":28}},"297":{"start":{"line":298,"column":0},"end":{"line":298,"column":45}},"298":{"start":{"line":299,"column":0},"end":{"line":299,"column":14}},"299":{"start":{"line":300,"column":0},"end":{"line":300,"column":19}},"300":{"start":{"line":301,"column":0},"end":{"line":301,"column":5}},"301":{"start":{"line":302,"column":0},"end":{"line":302,"column":3}},"307":{"start":{"line":308,"column":0},"end":{"line":308,"column":58}},"308":{"start":{"line":309,"column":0},"end":{"line":309,"column":9}},"309":{"start":{"line":310,"column":0},"end":{"line":310,"column":58}},"312":{"start":{"line":313,"column":0},"end":{"line":313,"column":38}},"313":{"start":{"line":314,"column":0},"end":{"line":314,"column":32}},"314":{"start":{"line":315,"column":0},"end":{"line":315,"column":69}},"315":{"start":{"line":316,"column":0},"end":{"line":316,"column":52}},"316":{"start":{"line":317,"column":0},"end":{"line":317,"column":74}},"317":{"start":{"line":318,"column":0},"end":{"line":318,"column":9}},"318":{"start":{"line":319,"column":0},"end"
[...]
tart":{"line":31,"column":0},"end":{"line":31,"column":18}},"31":{"start":{"line":32,"column":0},"end":{"line":32,"column":35}},"32":{"start":{"line":33,"column":0},"end":{"line":33,"column":21}},"33":{"start":{"line":34,"column":0},"end":{"line":34,"column":36}},"34":{"start":{"line":35,"column":0},"end":{"line":35,"column":8}},"35":{"start":{"line":36,"column":0},"end":{"line":36,"column":10}},"37":{"start":{"line":38,"column":0},"end":{"line":38,"column":1}}},"s":{"1":1,"7":1,"8":75,"9":69,"10":69,"11":69,"12":69,"14":69,"15":69,"16":69,"18":69,"20":6,"21":6,"22":6,"23":6,"25":6,"26":6,"27":6,"28":6,"29":6,"30":6,"31":6,"32":6,"33":6,"34":6,"35":6,"37":6},"branchMap":{"0":{"type":"branch","line":8,"loc":{"start":{"line":8,"column":28},"end":{"line":38,"column":1}},"locations":[{"start":{"line":8,"column":28},"end":{"line":38,"column":1}}]},"1":{"type":"branch","line":9,"loc":{"start":{"line":9,"column":17},"end":{"line":19,"column":3}},"locations":[{"start":{"line":9,"column":17},"end":{"line":19,"column":3}}]},"2":{"type":"branch","line":19,"loc":{"start":{"line":19,"column":2},"end":{"line":38,"column":1}},"locations":[{"start":{"line":19,"column":2},"end":{"line":38,"column":1}}]}},"b":{"0":[75],"1":[69],"2":[6]},"fnMap":{"0":{"name":"NextPuyoPair","decl":{"start":{"line":8,"column":28},"end":{"line":38,"column":1}},"loc":{"start":{"line":8,"column":28},"end":{"line":38,"column":1}},"line":8}},"f":{"0":75}},"C:\\Users\\kakim\\IdeaProjects\\case-study-game-dev\\app\\src\\presentation\\components\\PuyoDisplay.tsx":{"path":"C:\\Users\\kakim\\IdeaProjects\\case-study-game-dev\\app\\src\\presentation\\components\\PuyoDisplay.tsx","all":false,"statementMap":{"9":{"start":{"line":10,"column":0},"end":{"line":10,"column":66}},"10":{"start":{"line":11,"column":0},"end":{"line":11,"column":23}},"11":{"start":{"line":12,"column":0},"end":{"line":12,"column":40}},"12":{"start":{"line":13,"column":0},"end":{"line":13,"column":3}},"14":{"start":{"line":15,"column":0},"end":{"line":15,"column":75}},"15":{"start":{"line":16,"column":0},"end":{"line":16,"column":37}},"16":{"start":{"line":17,"column":0},"end":{"line":17,"column":40}},"17":{"start":{"line":18,"column":0},"end":{"line":18,"column":43}},"18":{"start":{"line":19,"column":0},"end":{"line":19,"column":46}},"19":{"start":{"line":20,"column":0},"end":{"line":20,"column":46}},"20":{"start":{"line":21,"column":0},"end":{"line":21,"column":3}},"21":{"start":{"line":22,"column":0},"end":{"line":22,"column":28}},"22":{"start":{"line":23,"column":0},"end":{"line":23,"column":1}},"24":{"start":{"line":25,"column":0},"end":{"line":25,"column":70}},"25":{"start":{"line":26,"column":0},"end":{"line":26,"column":23}},"26":{"start":{"line":27,"column":0},"end":{"line":27,"column":21}},"27":{"start":{"line":28,"column":0},"end":{"line":28,"column":22}},"28":{"start":{"line":29,"column":0},"end":{"line":29,"column":21}},"29":{"start":{"line":30,"column":0},"end":{"line":30,"column":3}},"30":{"start":{"line":31,"column":0},"end":{"line":31,"column":26}},"31":{"start":{"line":32,"column":0},"end":{"line":32,"column":1}},"33":{"start":{"line":34,"column":0},"end":{"line":34,"column":29}},"34":{"start":{"line":35,"column":0},"end":{"line":35,"column":8}},"35":{"start":{"line":36,"column":0},"end":{"line":36,"column":18}},"36":{"start":{"line":37,"column":0},"end":{"line":37,"column":17}},"37":{"start":{"line":38,"column":0},"end":{"line":38,"column":24}},"38":{"start":{"line":39,"column":0},"end":{"line":39,"column":25}},"39":{"start":{"line":40,"column":0},"end":{"line":40,"column":10}},"40":{"start":{"line":41,"column":0},"end":{"line":41,"column":8}},"41":{"start":{"line":42,"column":0},"end":{"line":42,"column":18}},"42":{"start":{"line":43,"column":0},"end":{"line":43,"column":30}},"43":{"start":{"line":44,"column":0},"end":{"line":44,"column":36}},"45":{"start":{"line":46,"column":0},"end":{"line":46,"column":20}},"47":{"start":{"line":48,"column":0},"end":{"line":48,"column":63}},"48":{"start":{"line":49,"column":0},"end":{"line":49,"column":6}},"50":{"start":{"line":51,"column":0},"end":{"line":51,"column":1}}},"s":{"9":1,"10":12,"11":0,"12":0,"14":12,"15":12,"16":12,"17":12,"18":12,"19":12,"20":12,"21":12,"22":12,"24":1,"25":12,"26":12,"27":12,"28":12,"29":12,"30":12,"31":12,"33":1,"34":12,"35":12,"36":12,"37":12,"38":12,"39":12,"40":12,"41":12,"42":12,"43":12,"45":12,"47":12,"48":12,"50":12},"branchMap":{"0":{"type":"branch","line":10,"loc":{"start":{"line":10,"column":26},"end":{"line":23,"column":1}},"locations":[{"start":{"line":10,"column":26},"end":{"line":23,"column":1}}]},"1":{"type":"branch","line":11,"loc":{"start":{"line":11,"column":22},"end":{"line":13,"column":3}},"locations":[{"start":{"line":11,"column":22},"end":{"line":13,"column":3}}]},"2":{"type":"branch","line":25,"loc":{"start":{"line":25,"column":21},"end":{"line":32,"column":1}},"locations":[{"start":{"line":25,"column":21},"end":{"line":32,"column":1}}]},"3":{"type":"branch","line":34,"loc":{"start":{"line":34,"column":27},"end":{"line":51,"column":1}},"locations":[{"start":{"line":34,"column":27},"end":{"line":51,"column":1}}]},"4":{"type":"branch","line":48,"loc":{"start":{"line":48,"column":19},"end":{"line":48,"column":63}},"locations":[{"start":{"line":48,"column":19},"end":{"line":48,"column":63}}]}},"b":{"0":[12],"1":[0],"2":[12],"3":[12],"4":[0]},"fnMap":{"0":{"name":"getPuyoColorClass","decl":{"start":{"line":10,"column":26},"end":{"line":23,"column":1}},"loc":{"start":{"line":10,"column":26},"end":{"line":23,"column":1}},"line":10},"1":{"name":"getSizeClass","decl":{"start":{"line":25,"column":21},"end":{"line":32,"column":1}},"loc":{"start":{"line":25,"column":21},"end":{"line":32,"column":1}},"line":25},"2":{"name":"PuyoDisplay","decl":{"start":{"line":34,"column":27},"end":{"line":51,"column":1}},"loc":{"start":{"line":34,"column":27},"end":{"line":51,"column":1}},"line":34}},"f":{"0":12,"1":12,"2":12}},"C:\\Users\\kakim\\IdeaProjects\\case-study-game-dev\\app\\src\\presentation\\hooks\\useAutoFall.ts":{"path":"C:\\Users\\kakim\\IdeaProjects\\case-study-game-dev\\app\\src\\presentation\\hooks\\useAutoFall.ts","all":false,"statementMap":{"0":{"start":{"line":1,"column":0},"end":{"line":1,"column":54}},"4":{"start":{"line":5,"column":0},"end":{"line":5,"column":75}},"16":{"start":{"line":17,"column":0},"end":{"line":17,"column":29}},"17":{"start":{"line":18,"column":0},"end":{"line":18,"column":7}},"18":{"start":{"line":19,"column":0},"end":{"line":19,"column":13}},"19":{"start":{"line":20,"column":0},"end":{"line":20,"column":19}},"20":{"start":{"line":21,"column":0},"end":{"line":21,"column":25}},"21":{"start":{"line":22,"column":0},"end":{"line":22,"column":49}},"22":{"start":{"line":23,"column":0},"end":{"line":23,"column":65}},"25":{"start":{"line":26,"column":0},"end":{"line":26,"column":44}},"26":{"start":{"line":27,"column":0},"end":{"line":27,"column":60}},"27":{"start":{"line":28,"column":0},"end":{"line":28,"column":12}},"28":{"start":{"line":29,"column":0},"end":{"line":29,"column":5}},"31":{"start":{"line":32,"column":0},"end":{"line":32,"column":57}},"32":{"start":{"line":33,"column":0},"end":{"line":33,"column":27}},"33":{"start":{"line":34,"column":0},"end":{"line":34,"column":37}},"35":{"start":{"line":36,"column":0},"end":{"line":36,"column":19}},"37":{"start":{"line":38,"column":0},"end":{"line":38,"column":35}},"38":{"start":{"line":39,"column":0},"end":{"line":39,"column":32}},"39":{"start":{"line":40,"column":0},"end":{"line":40,"column":42}},"40":{"start":{"line":41,"column":0},"end":{"line":41,"column":34}},"41":{"start":{"line":42,"column":0},"end":{"line":42,"column":7}},"42":{"start":{"line":43,"column":0},"end":{"line":43,"column":12}},"43":{"start":{"line":44,"column":0},"end":{"line":44,"column":5}},"46":{"start":{"line":47,"column":0},"end":{"line":47,"column":32}},"47":{"start":{"line":48,"column":0},"end":{"line":48,"column":61}},"48":{"start":{"line":49,"column":0},"end":{"line":49,"column":30}},"49":{"start":{"line":50,"column":0},"end":{"line":50,"column":12}},"50":{"start":{"line":51,"column":0},"end":{"line":51,"column":5}},"53":{"start":{"line":54,"column":0},"end":{"line":54,"column":30}},"54":{"start":{"line":55,"column":0},"end":{"line":55,"column":40}},"55":{"start":{"line":56,"column":0},"end":{"line":56,"column":5}},"56":{"start":{"line":57,"column":0},"end":{"line":57,"column":64}},"59":{"start":{"line":60,"column":0},"end":{"line":60,"column":18}},"60":{"start":{"line":61,"column":0},"end":{"line":61,"column":32}},"61":{"start":{"line":62,"column":0},"end":{"line":62,"column":42}},"62":{"start":{"line":63,"column":0},"end":{"line":63,"column":34}},"63":{"start":{"line":64,"column":0},"end":{"line":64,"column":7}},"64":{"start":{"line":65,"column":0},"end":{"line":65,"column":5}},"65":{"start":{"line":66,"column":0},"end":{"line":66,"column":64}},"68":{"start":{"line":69,"column":0},"end":{"line":69,"column":19}},"69":{"start":{"line":70,"column":0},"end":{"line":70,"column":18}},"70":{"start":{"line":71,"column":0},"end":{"line":71,"column":32}},"71":{"start":{"line":72,"column":0},"end":{"line":72,"column":42}},"72":{"start":{"line":73,"column":0},"end":{"line":73,"column":7}},"73":{"start":{"line":74,"column":0},"end":{"line":74,"column":5}},"74":{"start":{"line":75,"column":0},"end":{"line":75,"column":8}},"75":{"start":{"line":76,"column":0},"end":{"line":76,"column":1}}},"s":{"0":1,"4":1,"16":1,"17":51,"18":51,"19":51,"20":51,"21":51,"22":51,"25":51,"26":3,"27":0,"28":0,"31":3,"32":3,"33":51,"35":51,"37":51,"38":46,"39":0,"40":0,"41":0,"42":46,"43":46,"46":7,"47":1,"48":1,"49":1,"50":1,"53":7,"54":0,"55":0,"56":4,"59":4,"60":4,"61":4,"62":4,"63":4,"64":4,"65":51,"68":51,"69":43,"70":43,"71":0,"72":0,"73":43,"74":51,"75":51},"branchMap":{"0":{"type":"branch","line":17,"loc":{"start":{"line":17,"column":27},"end":{"line":76,"column":1}},"locations":[{"start":{"line":17,"column":27},"end":{"line":76,"column":1}}]},"1":{"type":"branch","line":26,"loc":{"start":{"line":26,"column":37},"end":{"line":34,"column":5}},"locations":[{"start":{"line":26,"column":37},"end":{"line":34,"column":5}}]},"2":{"type":"branch","line":27,"loc":{"start":{"line":27,"column":59},"end":{"line":29,"column":5}},"locations":[{"start":{"line":27,"column":59},"end":{"line":29,"column":5}}]},"3":{"type":"branch","line":36,"loc":{"start":{"line":36,"column":12},"end":{"line":66,"column":5}},"locations":[{"start":{"line":36,"column":12},"end":{"line":66,"column":5}}]},"4":{"type":"branch","line":38,"loc":{"start":{"line":38,"column":34},"end":{"line":65,"column":5}},"locations":[{"start":{"line":38,"column":34},"end":{"line":65,"column":5}}]},"5":{"type":"branch","line":39,"loc":{"start":{"line":39,"column":31},"end":{"line":42,"column":7}},"locations":[{"start":{"line":39,"column":31},"end":{"line":42,"column":7}}]},"6":{"type":"branch","line":44,"loc":{"start":{"line":44,"column":4},"end":{"line":65,"column":5}},"locations":[{"start":{"line":44,"column":4},"end":{"line":65,"column":5}}]},"7":{"type":"branch","line":44,"loc":{"start":{"line":44,"column":4},"end":{"line":47,"column":31}},"locations":[{"start":{"line":44,"column":4},"end":{"line":47,"column":31}}]},"8":{"type":"branch","line":47,"loc":{"start":{"line":47,"column":31},"end":{"line":51,"column":5}},"locations":[{"start":{"line":47,"column":31},"end":{"line":51,"column":5}}]},"9":{"type":"branch","line":51,"loc":{"start":{"line":51,"column":4},"end":{"line":54,"column":29}},"locations":[{"start":{"line":51,"column":4},"end":{"line":54,"column":29}}]},"10":{"type":"branch","line":54,"loc":{"start":{"line":54,"column":29},"end":{"line":56,"column":5}},"locations":[{"start":{"line":54,"column":29},"end":{"line":56,"column":5}}]},"11":{"type":"branch","line":56,"loc":{"start":{"line":56,"column":4},"end":{"line":65,"column":5}},"locations":[{"start":{"line":56,"column":4},"end":{"line":65,"column":5}}]},"12":{"type":"branch","line":60,"loc":{"start":{"line":60,"column":11},"end":{"line":65,"column":5}},"locations":[{"start":{"line":60,"column":11},"end":{"line":65,"column":5}}]},"13":{"type":"branch","line":69,"loc":{"start":{"line":69,"column":12},"end":{"line":75,"column":5}},"locations":[{"start":{"line":69,"column":12},"end":{"line":75,"column":5}}]},"14":{"type":"branch","line":70,"loc":{"start":{"line":70,"column":11},"end":{"line":74,"column":5}},"locations":[{"start":{"line":70,"column":11},"end":{"line":74,"column":5}}]},"15":{"type":"branch","line":71,"loc":{"start":{"line":71,"column":31},"end":{"line":73,"column":7}},"locations":[{"start":{"line":71,"column":31},"end":{"line":73,"column":7}}]}},"b":{"0":[51],"1":[3],"2":[0],"3":[51],"4":[46],"5":[0],"6":[7],"7":[5],"8":[1],"9":[4],"10":[0],"11":[4],"12":[4],"13":[43],"14":[43],"15":[0]},"fnMap":{"0":{"name":"useAutoFall","decl":{"start":{"line":17,"column":27},"end":{"line":76,"column":1}},"loc":{"start":{"line":17,"column":27},"end":{"line":76,"column":1}},"line":17}},"f":{"0":51}},"C:\\Users\\kakim\\IdeaProjects\\case-study-game-dev\\app\\src\\presentation\\hooks\\useKeyboard.ts":{"path":"C:\\Users\\kakim\\IdeaProjects\\case-study-game-dev\\app\\src\\presentation\\hooks\\useKeyboard.ts","all":false,"statementMap":{"0":{"start":{"line":1,"column":0},"end":{"line":1,"column":33}},"11":{"start":{"line":12,"column":0},"end":{"line":12,"column":63}},"12":{"start":{"line":13,"column":0},"end":{"line":13,"column":22}},"13":{"start":{"line":14,"column":0},"end":{"line":14,"column":24}},"14":{"start":{"line":15,"column":0},"end":{"line":15,"column":22}},"15":{"start":{"line":16,"column":0},"end":{"line":16,"column":22}},"16":{"start":{"line":17,"column":0},"end":{"line":17,"column":18}},"17":{"start":{"line":18,"column":0},"end":{"line":18,"column":15}},"18":{"start":{"line":19,"column":0},"end":{"line":19,"column":15}},"19":{"start":{"line":20,"column":0},"end":{"line":20,"column":15}},"20":{"start":{"line":21,"column":0},"end":{"line":21,"column":15}},"21":{"start":{"line":22,"column":0},"end":{"line":22,"column":1}},"23":{"start":{"line":24,"column":0},"end":{"line":24,"column":60}},"24":{"start":{"line":25,"column":0},"end":{"line":25,"column":19}},"25":{"start":{"line":26,"column":0},"end":{"line":26,"column":53}},"26":{"start":{"line":27,"column":0},"end":{"line":27,"column":49}},"27":{"start":{"line":28,"column":0},"end":{"line":28,"column":47}},"28":{"start":{"line":29,"column":0},"end":{"line":29,"column":32}},"29":{"start":{"line":30,"column":0},"end":{"line":30,"column":7}},"30":{"start":{"line":31,"column":0},"end":{"line":31,"column":5}},"32":{"start":{"line":33,"column":0},"end":{"line":33,"column":55}},"34":{"start":{"line":35,"column":0},"end":{"line":35,"column":18}},"35":{"start":{"line":36,"column":0},"end":{"line":36,"column":60}},"36":{"start":{"line":37,"column":0},"end":{"line":37,"column":5}},"37":{"start":{"line":38,"column":0},"end":{"line":38,"column":16}},"38":{"start":{"line":39,"column":0},"end":{"line":39,"column":1}}},"s":{"0":1,"11":1,"12":1,"13":1,"14":1,"15":1,"16":1,"17":1,"18":1,"19":1,"20":1,"21":1,"23":1,"24":49,"25":49,"26":42,"27":42,"28":36,"29":36,"30":42,"32":49,"34":49,"35":49,"36":49,"37":49,"38":49},"branchMap":{"0":{"type":"branch","line":24,"loc":{"start":{"line":24,"column":27},"end":{"line":39,"column":1}},"locations":[{"start":{"line":24,"column":27},"end":{"line":39,"column":1}}]},"1":{"type":"branch","line":25,"loc":{"start":{"line":25,"column":12},"end":{"line":38,"column":5}},"locations":[{"start":{"line":25,"column":12},"end":{"line":38,"column":5}}]},"2":{"type":"branch","line":26,"loc":{"start":{"line":26,"column":26},"end":{"line":31,"column":5}},"locations":[{"start":{"line":26,"column":26},"end":{"line":31,"column":5}}]},"3":{"type":"branch","line":28,"loc":{"start":{"line":28,"column":10},"end":{"line":28,"column":46}},"locations":[{"start":{"line":28,"column":10},"end":{"line":28,"column":46}}]},"4":{"type":"branch","line":28,"loc":{"start":{"line":28,"column":46},"end":{"line":30,"column":7}},"locations":[{"start":{"line":28,"column":46},"end":{"line":30,"column":7}}]},"5":{"type":"branch","line":35,"loc":{"start":{"line":35,"column":11},"end":{"line":37,"column":5}},"locations":[{"start":{"line":35,"column":11},"end":{"line":37,"column":5}}]}},"b":{"0":[49],"1":[49],"2":[42],"3":[36],"4":[36],"5":[49]},"fnMap":{"0":{"name":"useKeyboard","decl":{"start":{"line":24,"column":27},"end":{"line":39,"column":1}},"loc":{"start":{"line":24,"column":27},"end":{"line":39,"column":1}},"line":24},"1":{"name":"handleKeyDown","decl":{"start":{"line":26,"column":26},"end":{"line":31,"column":5}},"loc":{"start":{"line":26,"column":26},"end":{"line":31,"column":5}},"line":26}},"f":{"0":49,"1":42}},"C:\\Users\\kakim\\IdeaProjects\\case-study-game-dev\\app\\src\\application\\ports\\StoragePort.ts":{"path":"C:\\Users\\kakim\\IdeaProjects\\case-study-game-dev\\app\\src\\application\\ports\\StoragePort.ts","all":true,"statementMap":{},"s":{},"branchMap":{"0":{"type":"branch","line":1,"loc":{"start":{"line":1,"column":1317},"end":{"line":67,"column":1}},"locations":[{"start":{"line":1,"column":1317},"end":{"line":67,"column":1}}]}},"b":{"0":[1]},"fnMap":{"0":{"name":"(empty-report)","decl":{"start":{"line":1,"column":1317},"end":{"line":67,"column":1}},"loc":{"start":{"line":1,"column":1317},"end":{"line":67,"column":1}},"line":1}},"f":{"0":1}},"C:\\Users\\kakim\\IdeaProjects\\case-study-game-dev\\app\\src\\application\\ports\\TimerPort.ts":{"path":"C:\\Users\\kakim\\IdeaProjects\\case-study-game-dev\\app\\src\\application\\ports\\TimerPort.ts","all":true,"statementMap":{},"s":{},"branchMap":{"0":{"type":"branch","line":1,"loc":{"start":{"line":1,"column":1117},"end":{"line":58,"column":1}},"locations":[{"start":{"line":1,"column":1117},"end":{"line":58,"column":1}}]}},"b":{"0":[1]},"fnMap":{"0":{"name":"(empty-report)","decl":{"start":{"line":1,"column":1117},"end":{"line":58,"column":1}},"loc":{"start":{"line":1,"column":1117},"end":{"line":58,"column":1}},"line":1}},"f":{"0":1}},"C:\\Users\\kakim\\IdeaProjects\\case-study-game-dev\\app\\src\\application\\ports\\GamePort.ts":{"path":"C:\\Users\\kakim\\IdeaProjects\\case-study-game-dev\\app\\src\\application\\ports\\GamePort.ts","all":true,"statementMap":{},"s":{},"branchMap":{"0":{"type":"branch","line":1,"loc":{"start":{"line":1,"column":1637},"end":{"line":77,"column":1}},"locations":[{"start":{"line":1,"column":1637},"end":{"line":77,"column":1}}]}},"b":{"0":[1]},"fnMap":{"0":{"name":"(empty-report)","decl":{"start":{"line":1,"column":1637},"end":{"line":77,"column":1}},"loc":{"start":{"line":1,"column":1637},"end":{"line":77,"column":1}},"line":1}},"f":{"0":1}},"C:\\Users\\kakim\\IdeaProjects\\case-study-game-dev\\app\\src\\application\\ports\\InputPort.ts":{"path":"C:\\Users\\kakim\\IdeaProjects\\case-study-game-dev\\app\\src\\application\\ports\\InputPort.ts","all":true,"statementMap":{},"s":{},"branchMap":{"0":{"type":"branch","line":1,"loc":{"start":{"line":1,"column":2770},"end":{"line":126,"column":1}},"locations":[{"start":{"line":1,"column":2770},"end":{"line":126,"column":1}}]}},"b":{"0":[1]},"fnMap":{"0":{"name":"(empty-report)","decl":{"start":{"line":1,"column":2770},"end":{"line":126,"column":1}},"loc":{"start":{"line":1,"column":2770},"end":{"line":126,"column":1}},"line":1}},"f":{"0":1}},"C:\\Users\\kakim\\IdeaProjects\\case-study-game-dev\\app\\src\\application\\viewmodels\\GameViewModel.ts":{"path":"C:\\Users\\kakim\\IdeaProjects\\case-study-game-dev\\app\\src\\application\\viewmodels\\GameViewModel.ts","all":true,"statementMap":{},"s":{},"branchMap":{"0":{"type":"branch","line":1,"loc":{"start":{"line":1,"column":1516},"end":{"line":74,"column":1}},"locations":[{"start":{"line":1,"column":1516},"end":{"line":74,"column":1}}]}},"b":{"0":[1]},"fnMap":{"0":{"name":"(empty-report)","decl":{"start":{"line":1,"column":1516},"end":{"line":74,"column":1}},"loc":{"start":{"line":1,"column":1516},"end":{"line":74,"column":1}},"line":1}},"f":{"0":1}}}}
